Connecting to adb-5142916747090026.6.azuredatabricks.net...
Auth: SDK profile 'guyman' (via ~/.databrickscfg)
Connected.

============================================================
  Function_Revenue_OptionsPlatform  ->  main.etoro_kpi_prep.v_revenue_optionsplatform
  Wiki: 26 columns from ┬º4
  -> 26 applied, 0 no-desc, 0 failed
============================================================
  Function_Population_Balance_Only_Accounts  ->  main.etoro_kpi_prep.v_population_balance_only_accounts
  Wiki: 2 columns from ┬º4
  -> 2 applied, 1 no-desc, 0 failed
============================================================
  Function_Population_OTD_DateRange  ->  main.etoro_kpi_prep.v_population_otd_daterange
  Wiki: 3 columns from ┬º4
  -> 3 applied, 0 no-desc, 0 failed
============================================================
  Function_Trading_Volume  ->  main.etoro_kpi_prep.v_trading_volume_and_amount
  Wiki: 27 columns from ┬º4
  -> 27 applied, 5 no-desc, 0 failed

============================================================
DONE: 58 comments applied, 6 cols had no description, 0 failed
