[2026-06-21 04:00:01] === START tag='0400' target='' cwd='C:\Users\guyman\Documents\github\Databricks_Knowledge\tools\sp_crypto_nop_audit' ===
[2026-06-21 04:00:01] Running: python C:\Users\guyman\Documents\github\Databricks_Knowledge\tools\sp_crypto_nop_audit\poll_sources.py --tag 0400
[2026-06-21 04:00:01] === SP_Crypto_NOP source audit poll ===
[2026-06-21 04:00:01] target_date    = 2026-06-20  (DateID=20260620)
[2026-06-21 04:00:01] poll_at_utc    = 2026-06-21T04:00:01Z  (local: 2026-06-21T04:00:01)
[2026-06-21 04:00:01] tag            = 0400
[2026-06-21 04:00:01] sources        = 24
[2026-06-21 04:00:01] output         = C:\Users\guyman\Documents\github\Databricks_Knowledge\tools\sp_crypto_nop_audit\snapshots\2026-06-20_0400.csv
[2026-06-21 04:00:01] 
[2026-06-21 04:00:01] Connecting to Synapse (prod-synapse-dataplatform-we.sql.azuresynapse.net / sql_dp_prod_we) using SQL login ssisuser [SQL-only, no AAD fallback]...
[2026-06-21 04:00:01] Connected (SQL authentication).
[2026-06-21 04:00:01] 
[2026-06-21 04:00:11]   [OK ] BI_DB_PositionPnL                             rows=141575204      elapsed= 9546ms
[2026-06-21 04:00:16]   [OK ] BI_DB_PositionPnL_crypto_only                 rows=24458557       elapsed= 5304ms
[2026-06-21 04:00:22]   [OK ] Dim_Position_matched_to_crypto_PnL            rows=24458557       elapsed= 5398ms
[2026-06-21 04:00:22]   [OK ] Dim_Instrument_crypto                         rows=823            elapsed=   64ms
[2026-06-21 04:00:22]   [OK ] Fact_CurrencyPriceWithSplit                   rows=16017          elapsed=  217ms
[2026-06-21 04:00:22]   [OK ] Fact_CurrencyPriceWithSplit_crypto            rows=795            elapsed=  313ms
[2026-06-21 04:00:24]   [OK ] Fact_SnapshotCustomer                         rows=48153942       elapsed= 1904ms
[2026-06-21 04:00:26]   [OK ] Dim_Customer                                  rows=48153942       elapsed= 1783ms
[2026-06-21 04:00:32]   [OK ] V_GermanBaFin                                 rows=152485         elapsed= 6088ms
[2026-06-21 04:00:35]   [OK ] External_TanganyStatus_dict                   rows=6              elapsed= 3032ms
[2026-06-21 04:00:54]   [OK ] Apex_Enrolment_optout_general                 rows=1591742        elapsed=19013ms
[2026-06-21 04:01:20]   [OK ] Apex_Enrolment_optin_ETH                      rows=369059         elapsed=25890ms
[2026-06-21 04:01:21]   [OK ] BI_DB_Client_Balance_CID_Level_New            rows=6904795        elapsed=  933ms
[2026-06-21 04:01:21]   [OK ] Dim_Range                                     rows=1330646        elapsed=  544ms
[2026-06-21 04:01:21]   [OK ] Dim_Regulation                                rows=15             elapsed=   46ms
[2026-06-21 04:01:22]   [OK ] Dim_Label                                     rows=26             elapsed=  164ms
[2026-06-21 04:01:22]   [OK ] Dim_MifidCategorization                       rows=6              elapsed=  174ms
[2026-06-21 04:01:22]   [OK ] Dim_AccountType                               rows=19             elapsed=   47ms
[2026-06-21 04:01:22]   [OK ] Dim_PlayerLevel                               rows=8              elapsed=   43ms
[2026-06-21 04:01:22]   [OK ] Dim_PlayerStatus                              rows=16             elapsed=   48ms
[2026-06-21 04:01:22]   [OK ] Dim_Country                                   rows=251            elapsed=   48ms
[2026-06-21 04:01:22]   [OK ] TARGET_BI_DB_Crypto_NOP                       rows=202987         elapsed=  270ms
[2026-06-21 04:01:24]   [OK ] TARGET_BI_DB_Crypto_NOP_CID                   rows=5110085        elapsed= 2094ms
[2026-06-21 04:01:25]   [OK ] SP_Crypto_NOP_run_history                     rows=2              elapsed=  204ms
[2026-06-21 04:01:29] 
[2026-06-21 04:01:29] Wrote C:\Users\guyman\Documents\github\Databricks_Knowledge\tools\sp_crypto_nop_audit\snapshots\2026-06-20_0400.csv  (24 rows, 0 errors)
[2026-06-21 04:01:29] poll_sources.py exit=0
[2026-06-21 04:01:29] Running: python C:\Users\guyman\Documents\github\Databricks_Knowledge\tools\sp_crypto_nop_audit\make_report.py
[2026-06-21 04:01:29] Only one snapshot for 2026-06-20 so far ?ŕô skipping diff.
[2026-06-21 04:01:29]   found: ['2026-06-20_0400.csv']
[2026-06-21 04:01:29] make_report.py exit=0
[2026-06-21 04:01:29] === END  pollExit=0 reportExit=0 ===
[2026-06-21 09:00:02] === START tag='0900' target='' cwd='C:\Users\guyman\Documents\github\Databricks_Knowledge\tools\sp_crypto_nop_audit' ===
[2026-06-21 09:00:02] Running: python C:\Users\guyman\Documents\github\Databricks_Knowledge\tools\sp_crypto_nop_audit\poll_sources.py --tag 0900
[2026-06-21 09:00:02] === SP_Crypto_NOP source audit poll ===
[2026-06-21 09:00:02] target_date    = 2026-06-20  (DateID=20260620)
[2026-06-21 09:00:02] poll_at_utc    = 2026-06-21T09:00:02Z  (local: 2026-06-21T09:00:02)
[2026-06-21 09:00:02] tag            = 0900
[2026-06-21 09:00:02] sources        = 24
[2026-06-21 09:00:02] output         = C:\Users\guyman\Documents\github\Databricks_Knowledge\tools\sp_crypto_nop_audit\snapshots\2026-06-20_0900.csv
[2026-06-21 09:00:02] 
[2026-06-21 09:00:02] Connecting to Synapse (prod-synapse-dataplatform-we.sql.azuresynapse.net / sql_dp_prod_we) using SQL login ssisuser [SQL-only, no AAD fallback]...
[2026-06-21 09:00:02] Connected (SQL authentication).
[2026-06-21 09:00:02] 
[2026-06-21 09:00:10]   [OK ] BI_DB_PositionPnL                             rows=141575204      elapsed= 7397ms
[2026-06-21 09:00:13]   [OK ] BI_DB_PositionPnL_crypto_only                 rows=24458557       elapsed= 3053ms
[2026-06-21 09:00:26]   [OK ] Dim_Position_matched_to_crypto_PnL            rows=24458557       elapsed=13221ms
[2026-06-21 09:00:26]   [OK ] Dim_Instrument_crypto                         rows=823            elapsed=   69ms
[2026-06-21 09:00:26]   [OK ] Fact_CurrencyPriceWithSplit                   rows=16017          elapsed=  330ms
[2026-06-21 09:00:27]   [OK ] Fact_CurrencyPriceWithSplit_crypto            rows=795            elapsed=  436ms
[2026-06-21 09:00:28]   [OK ] Fact_SnapshotCustomer                         rows=48153942       elapsed= 1485ms
[2026-06-21 09:00:29]   [OK ] Dim_Customer                                  rows=48153942       elapsed=  331ms
[2026-06-21 09:00:33]   [OK ] V_GermanBaFin                                 rows=152485         elapsed= 4195ms
[2026-06-21 09:00:35]   [OK ] External_TanganyStatus_dict                   rows=6              elapsed= 2555ms
[2026-06-21 09:00:53]   [OK ] Apex_Enrolment_optout_general                 rows=1591742        elapsed=17249ms
[2026-06-21 09:01:36]   [OK ] Apex_Enrolment_optin_ETH                      rows=369059         elapsed=43363ms
[2026-06-21 09:01:38]   [OK ] BI_DB_Client_Balance_CID_Level_New            rows=6904795        elapsed= 1455ms
[2026-06-21 09:01:38]   [OK ] Dim_Range                                     rows=1330646        elapsed=  560ms
[2026-06-21 09:01:38]   [OK ] Dim_Regulation                                rows=15             elapsed=   43ms
[2026-06-21 09:01:38]   [OK ] Dim_Label                                     rows=26             elapsed=  330ms
[2026-06-21 09:01:39]   [OK ] Dim_MifidCategorization                       rows=6              elapsed=   44ms
[2026-06-21 09:01:39]   [OK ] Dim_AccountType                               rows=19             elapsed=  205ms
[2026-06-21 09:01:39]   [OK ] Dim_PlayerLevel                               rows=8              elapsed=   63ms
[2026-06-21 09:01:39]   [OK ] Dim_PlayerStatus                              rows=16             elapsed=   45ms
[2026-06-21 09:01:39]   [OK ] Dim_Country                                   rows=251            elapsed=   40ms
[2026-06-21 09:01:43]   [OK ] TARGET_BI_DB_Crypto_NOP                       rows=202987         elapsed= 3960ms
[2026-06-21 09:01:45]   [OK ] TARGET_BI_DB_Crypto_NOP_CID                   rows=5110085        elapsed= 2110ms
[2026-06-21 09:01:45]   [OK ] SP_Crypto_NOP_run_history                     rows=2              elapsed=  244ms
[2026-06-21 09:01:49] 
[2026-06-21 09:01:49] Wrote C:\Users\guyman\Documents\github\Databricks_Knowledge\tools\sp_crypto_nop_audit\snapshots\2026-06-20_0900.csv  (24 rows, 0 errors)
[2026-06-21 09:01:49] poll_sources.py exit=0
[2026-06-21 09:01:49] Running: python C:\Users\guyman\Documents\github\Databricks_Knowledge\tools\sp_crypto_nop_audit\make_report.py
[2026-06-21 09:01:49] Comparing:
[2026-06-21 09:01:49]   EARLY = 2026-06-20_0400.csv
[2026-06-21 09:01:49]   LATE  = 2026-06-20_0900.csv
[2026-06-21 09:01:49] 
[2026-06-21 09:01:49] Wrote C:\Users\guyman\Documents\github\Databricks_Knowledge\tools\sp_crypto_nop_audit\reports\2026-06-20.md
[2026-06-21 09:01:49] Status: 2026-06-20  verdict=OK     changed= 0/24  early=2026-06-21T04:00:01  late=2026-06-21T09:00:02  report=2026-06-20.md
[2026-06-21 09:01:49] No drift ?ŕô skipping Downloads copy (in-repo report still at C:\Users\guyman\Documents\github\Databricks_Knowledge\tools\sp_crypto_nop_audit\reports\2026-06-20.md).
[2026-06-21 09:01:49] make_report.py exit=0
[2026-06-21 09:01:49] === END  pollExit=0 reportExit=0 ===
