[2026-06-08 04:00:02] === START tag='0400' target='' cwd='C:\Users\guyman\Documents\github\Databricks_Knowledge\tools\sp_crypto_nop_audit' ===
[2026-06-08 04:00:02] Running: python C:\Users\guyman\Documents\github\Databricks_Knowledge\tools\sp_crypto_nop_audit\poll_sources.py --tag 0400
[2026-06-08 04:00:02] === SP_Crypto_NOP source audit poll ===
[2026-06-08 04:00:02] target_date    = 2026-06-07  (DateID=20260607)
[2026-06-08 04:00:02] poll_at_utc    = 2026-06-08T04:00:02Z  (local: 2026-06-08T04:00:02)
[2026-06-08 04:00:02] tag            = 0400
[2026-06-08 04:00:02] sources        = 24
[2026-06-08 04:00:02] output         = C:\Users\guyman\Documents\github\Databricks_Knowledge\tools\sp_crypto_nop_audit\snapshots\2026-06-07_0400.csv
[2026-06-08 04:00:02] 
[2026-06-08 04:00:02] Connecting to Synapse (prod-synapse-dataplatform-we.sql.azuresynapse.net / sql_dp_prod_we) using SQL login ssisuser [SQL-only, no AAD fallback]...
[2026-06-08 04:00:02] Connected (SQL authentication).
[2026-06-08 04:00:02] 
[2026-06-08 04:00:09]   [OK ] BI_DB_PositionPnL                             rows=139960600      elapsed= 6596ms
[2026-06-08 04:00:12]   [OK ] BI_DB_PositionPnL_crypto_only                 rows=24419206       elapsed= 3070ms
[2026-06-08 04:00:18]   [OK ] Dim_Position_matched_to_crypto_PnL            rows=24419206       elapsed= 6019ms
[2026-06-08 04:00:18]   [OK ] Dim_Instrument_crypto                         rows=823            elapsed=   68ms
[2026-06-08 04:00:18]   [OK ] Fact_CurrencyPriceWithSplit                   rows=16013          elapsed=  216ms
[2026-06-08 04:00:18]   [OK ] Fact_CurrencyPriceWithSplit_crypto            rows=795            elapsed=  302ms
[2026-06-08 04:00:20]   [OK ] Fact_SnapshotCustomer                         rows=48009208       elapsed= 1763ms
[2026-06-08 04:00:21]   [OK ] Dim_Customer                                  rows=48009208       elapsed=  607ms
[2026-06-08 04:00:26]   [OK ] V_GermanBaFin                                 rows=152405         elapsed= 5259ms
[2026-06-08 04:00:29]   [OK ] External_TanganyStatus_dict                   rows=6              elapsed= 2610ms
[2026-06-08 04:00:48]   [OK ] Apex_Enrolment_optout_general                 rows=1552848        elapsed=18920ms
[2026-06-08 04:01:10]   [OK ] Apex_Enrolment_optin_ETH                      rows=365100         elapsed=22477ms
[2026-06-08 04:01:11]   [OK ] BI_DB_Client_Balance_CID_Level_New            rows=6867100        elapsed=  838ms
[2026-06-08 04:01:11]   [OK ] Dim_Range                                     rows=1328501        elapsed=  545ms
[2026-06-08 04:01:12]   [OK ] Dim_Regulation                                rows=15             elapsed=   43ms
[2026-06-08 04:01:12]   [OK ] Dim_Label                                     rows=26             elapsed=  167ms
[2026-06-08 04:01:12]   [OK ] Dim_MifidCategorization                       rows=6              elapsed=   47ms
[2026-06-08 04:01:12]   [OK ] Dim_AccountType                               rows=19             elapsed=   39ms
[2026-06-08 04:01:12]   [OK ] Dim_PlayerLevel                               rows=8              elapsed=   47ms
[2026-06-08 04:01:12]   [OK ] Dim_PlayerStatus                              rows=16             elapsed=   46ms
[2026-06-08 04:01:12]   [OK ] Dim_Country                                   rows=251            elapsed=   43ms
[2026-06-08 04:01:14]   [OK ] TARGET_BI_DB_Crypto_NOP                       rows=203058         elapsed= 2435ms
[2026-06-08 04:01:15]   [OK ] TARGET_BI_DB_Crypto_NOP_CID                   rows=5127449        elapsed= 1065ms
[2026-06-08 04:01:16]   [OK ] SP_Crypto_NOP_run_history                     rows=2              elapsed=  196ms
[2026-06-08 04:01:20] 
[2026-06-08 04:01:20] Wrote C:\Users\guyman\Documents\github\Databricks_Knowledge\tools\sp_crypto_nop_audit\snapshots\2026-06-07_0400.csv  (24 rows, 0 errors)
[2026-06-08 04:01:20] poll_sources.py exit=0
[2026-06-08 04:01:20] Running: python C:\Users\guyman\Documents\github\Databricks_Knowledge\tools\sp_crypto_nop_audit\make_report.py
[2026-06-08 04:01:20] Only one snapshot for 2026-06-07 so far ?ŕô skipping diff.
[2026-06-08 04:01:20]   found: ['2026-06-07_0400.csv']
[2026-06-08 04:01:20] make_report.py exit=0
[2026-06-08 04:01:21] === END  pollExit=0 reportExit=0 ===
[2026-06-08 09:00:02] === START tag='0900' target='' cwd='C:\Users\guyman\Documents\github\Databricks_Knowledge\tools\sp_crypto_nop_audit' ===
[2026-06-08 09:00:02] Running: python C:\Users\guyman\Documents\github\Databricks_Knowledge\tools\sp_crypto_nop_audit\poll_sources.py --tag 0900
[2026-06-08 09:00:03] === SP_Crypto_NOP source audit poll ===
[2026-06-08 09:00:03] target_date    = 2026-06-07  (DateID=20260607)
[2026-06-08 09:00:03] poll_at_utc    = 2026-06-08T09:00:03Z  (local: 2026-06-08T09:00:03)
[2026-06-08 09:00:03] tag            = 0900
[2026-06-08 09:00:03] sources        = 24
[2026-06-08 09:00:03] output         = C:\Users\guyman\Documents\github\Databricks_Knowledge\tools\sp_crypto_nop_audit\snapshots\2026-06-07_0900.csv
[2026-06-08 09:00:03] 
[2026-06-08 09:00:03] Connecting to Synapse (prod-synapse-dataplatform-we.sql.azuresynapse.net / sql_dp_prod_we) using SQL login ssisuser [SQL-only, no AAD fallback]...
[2026-06-08 09:00:03] Connected (SQL authentication).
[2026-06-08 09:00:03] 
[2026-06-08 09:01:12]   [OK ] BI_DB_PositionPnL                             rows=139960600      elapsed=69752ms
[2026-06-08 09:01:17]   [OK ] BI_DB_PositionPnL_crypto_only                 rows=24419206       elapsed= 4834ms
[2026-06-08 09:07:15]   [OK ] Dim_Position_matched_to_crypto_PnL            rows=24419206       elapsed=357787ms
[2026-06-08 09:07:15]   [OK ] Dim_Instrument_crypto                         rows=823            elapsed=   62ms
[2026-06-08 09:07:18]   [OK ] Fact_CurrencyPriceWithSplit                   rows=16013          elapsed= 2716ms
[2026-06-08 09:07:18]   [OK ] Fact_CurrencyPriceWithSplit_crypto            rows=795            elapsed=  401ms
[2026-06-08 09:07:20]   [OK ] Fact_SnapshotCustomer                         rows=48009208       elapsed= 1708ms
[2026-06-08 09:07:22]   [OK ] Dim_Customer                                  rows=48009208       elapsed= 1700ms
[2026-06-08 09:07:39]   [OK ] V_GermanBaFin                                 rows=152405         elapsed=17396ms
[2026-06-08 09:07:42]   [OK ] External_TanganyStatus_dict                   rows=6              elapsed= 2881ms
[2026-06-08 09:08:10]   [OK ] Apex_Enrolment_optout_general                 rows=1552848        elapsed=28081ms
[2026-06-08 09:08:29]   [OK ] Apex_Enrolment_optin_ETH                      rows=365100         elapsed=18566ms
[2026-06-08 09:08:29]   [OK ] BI_DB_Client_Balance_CID_Level_New            rows=6867100        elapsed=  745ms
[2026-06-08 09:08:30]   [OK ] Dim_Range                                     rows=1328501        elapsed=  509ms
[2026-06-08 09:08:30]   [OK ] Dim_Regulation                                rows=15             elapsed=   37ms
[2026-06-08 09:08:30]   [OK ] Dim_Label                                     rows=26             elapsed=  254ms
[2026-06-08 09:08:30]   [OK ] Dim_MifidCategorization                       rows=6              elapsed=   79ms
[2026-06-08 09:08:30]   [OK ] Dim_AccountType                               rows=19             elapsed=   50ms
[2026-06-08 09:08:30]   [OK ] Dim_PlayerLevel                               rows=8              elapsed=   43ms
[2026-06-08 09:08:30]   [OK ] Dim_PlayerStatus                              rows=16             elapsed=   40ms
[2026-06-08 09:08:30]   [OK ] Dim_Country                                   rows=251            elapsed=   51ms
[2026-06-08 09:08:31]   [OK ] TARGET_BI_DB_Crypto_NOP                       rows=203058         elapsed=  240ms
[2026-06-08 09:08:31]   [OK ] TARGET_BI_DB_Crypto_NOP_CID                   rows=5127449        elapsed=  806ms
[2026-06-08 09:08:32]   [OK ] SP_Crypto_NOP_run_history                     rows=2              elapsed=  199ms
[2026-06-08 09:08:35] 
[2026-06-08 09:08:35] Wrote C:\Users\guyman\Documents\github\Databricks_Knowledge\tools\sp_crypto_nop_audit\snapshots\2026-06-07_0900.csv  (24 rows, 0 errors)
[2026-06-08 09:08:35] poll_sources.py exit=0
[2026-06-08 09:08:35] Running: python C:\Users\guyman\Documents\github\Databricks_Knowledge\tools\sp_crypto_nop_audit\make_report.py
[2026-06-08 09:08:35] Comparing:
[2026-06-08 09:08:35]   EARLY = 2026-06-07_0400.csv
[2026-06-08 09:08:35]   LATE  = 2026-06-07_0900.csv
[2026-06-08 09:08:35] 
[2026-06-08 09:08:35] Wrote C:\Users\guyman\Documents\github\Databricks_Knowledge\tools\sp_crypto_nop_audit\reports\2026-06-07.md
[2026-06-08 09:08:35] Status: 2026-06-07  verdict=OK     changed= 0/24  early=2026-06-08T04:00:02  late=2026-06-08T09:00:03  report=2026-06-07.md
[2026-06-08 09:08:35] No drift ?ŕô skipping Downloads copy (in-repo report still at C:\Users\guyman\Documents\github\Databricks_Knowledge\tools\sp_crypto_nop_audit\reports\2026-06-07.md).
[2026-06-08 09:08:35] make_report.py exit=0
[2026-06-08 09:08:35] === END  pollExit=0 reportExit=0 ===
