[2026-06-03 04:00:02] === START tag='0400' target='' cwd='C:\Users\guyman\Documents\github\Databricks_Knowledge\tools\sp_crypto_nop_audit' ===
[2026-06-03 04:00:02] Running: python C:\Users\guyman\Documents\github\Databricks_Knowledge\tools\sp_crypto_nop_audit\poll_sources.py --tag 0400
[2026-06-03 04:00:02] === SP_Crypto_NOP source audit poll ===
[2026-06-03 04:00:02] target_date    = 2026-06-02  (DateID=20260602)
[2026-06-03 04:00:02] poll_at_utc    = 2026-06-03T04:00:02Z  (local: 2026-06-03T04:00:02)
[2026-06-03 04:00:02] tag            = 0400
[2026-06-03 04:00:02] sources        = 24
[2026-06-03 04:00:02] output         = C:\Users\guyman\Documents\github\Databricks_Knowledge\tools\sp_crypto_nop_audit\snapshots\2026-06-02_0400.csv
[2026-06-03 04:00:02] 
[2026-06-03 04:00:02] Connecting to Synapse (prod-synapse-dataplatform-we.sql.azuresynapse.net / sql_dp_prod_we) using SQL login ssisuser [SQL-only, no AAD fallback]...
[2026-06-03 04:00:02] Connected (SQL authentication).
[2026-06-03 04:00:02] 
[2026-06-03 04:00:10]   [OK ] BI_DB_PositionPnL                             rows=138386698      elapsed= 7214ms
[2026-06-03 04:00:13]   [OK ] BI_DB_PositionPnL_crypto_only                 rows=24402953       elapsed= 3191ms
[2026-06-03 04:00:19]   [OK ] Dim_Position_matched_to_crypto_PnL            rows=24402953       elapsed= 5946ms
[2026-06-03 04:00:21]   [OK ] Dim_Instrument_crypto                         rows=823            elapsed= 1812ms
[2026-06-03 04:00:21]   [OK ] Fact_CurrencyPriceWithSplit                   rows=16013          elapsed=  277ms
[2026-06-03 04:00:21]   [OK ] Fact_CurrencyPriceWithSplit_crypto            rows=795            elapsed=  440ms
[2026-06-03 04:00:23]   [OK ] Fact_SnapshotCustomer                         rows=47963937       elapsed= 1490ms
[2026-06-03 04:00:23]   [OK ] Dim_Customer                                  rows=47963937       elapsed=  619ms
[2026-06-03 04:00:27]   [OK ] V_GermanBaFin                                 rows=152272         elapsed= 3793ms
[2026-06-03 04:00:29]   [OK ] External_TanganyStatus_dict                   rows=6              elapsed= 2170ms
[2026-06-03 04:00:45]   [OK ] Apex_Enrolment_optout_general                 rows=1532075        elapsed=15618ms
[2026-06-03 04:01:03]   [OK ] Apex_Enrolment_optin_ETH                      rows=363483         elapsed=18391ms
[2026-06-03 04:01:04]   [OK ] BI_DB_Client_Balance_CID_Level_New            rows=6860874        elapsed=  924ms
[2026-06-03 04:01:05]   [OK ] Dim_Range                                     rows=1327721        elapsed=  513ms
[2026-06-03 04:01:05]   [OK ] Dim_Regulation                                rows=15             elapsed=   47ms
[2026-06-03 04:01:05]   [OK ] Dim_Label                                     rows=26             elapsed=  172ms
[2026-06-03 04:01:05]   [OK ] Dim_MifidCategorization                       rows=6              elapsed=   44ms
[2026-06-03 04:01:05]   [OK ] Dim_AccountType                               rows=19             elapsed=   44ms
[2026-06-03 04:01:05]   [OK ] Dim_PlayerLevel                               rows=8              elapsed=   49ms
[2026-06-03 04:01:05]   [OK ] Dim_PlayerStatus                              rows=16             elapsed=   49ms
[2026-06-03 04:01:05]   [OK ] Dim_Country                                   rows=251            elapsed=   45ms
[2026-06-03 04:01:10]   [OK ] TARGET_BI_DB_Crypto_NOP                       rows=204596         elapsed= 4651ms
[2026-06-03 04:01:11]   [OK ] TARGET_BI_DB_Crypto_NOP_CID                   rows=5142236        elapsed=  559ms
[2026-06-03 04:01:12]   [OK ] SP_Crypto_NOP_run_history                     rows=2              elapsed= 1702ms
[2026-06-03 04:01:17] 
[2026-06-03 04:01:17] Wrote C:\Users\guyman\Documents\github\Databricks_Knowledge\tools\sp_crypto_nop_audit\snapshots\2026-06-02_0400.csv  (24 rows, 0 errors)
[2026-06-03 04:01:17] poll_sources.py exit=0
[2026-06-03 04:01:17] Running: python C:\Users\guyman\Documents\github\Databricks_Knowledge\tools\sp_crypto_nop_audit\make_report.py
[2026-06-03 04:01:17] Only one snapshot for 2026-06-02 so far ?ŕô skipping diff.
[2026-06-03 04:01:17]   found: ['2026-06-02_0400.csv']
[2026-06-03 04:01:17] make_report.py exit=0
[2026-06-03 04:01:17] === END  pollExit=0 reportExit=0 ===
[2026-06-03 09:00:02] === START tag='0900' target='' cwd='C:\Users\guyman\Documents\github\Databricks_Knowledge\tools\sp_crypto_nop_audit' ===
[2026-06-03 09:00:02] Running: python C:\Users\guyman\Documents\github\Databricks_Knowledge\tools\sp_crypto_nop_audit\poll_sources.py --tag 0900
[2026-06-03 09:00:03] === SP_Crypto_NOP source audit poll ===
[2026-06-03 09:00:03] target_date    = 2026-06-02  (DateID=20260602)
[2026-06-03 09:00:03] poll_at_utc    = 2026-06-03T09:00:03Z  (local: 2026-06-03T09:00:03)
[2026-06-03 09:00:03] tag            = 0900
[2026-06-03 09:00:03] sources        = 24
[2026-06-03 09:00:03] output         = C:\Users\guyman\Documents\github\Databricks_Knowledge\tools\sp_crypto_nop_audit\snapshots\2026-06-02_0900.csv
[2026-06-03 09:00:03] 
[2026-06-03 09:00:03] Connecting to Synapse (prod-synapse-dataplatform-we.sql.azuresynapse.net / sql_dp_prod_we) using SQL login ssisuser [SQL-only, no AAD fallback]...
[2026-06-03 09:00:03] Connected (SQL authentication).
[2026-06-03 09:00:03] 
[2026-06-03 09:00:18]   [OK ] BI_DB_PositionPnL                             rows=138386698      elapsed=15783ms
[2026-06-03 09:00:22]   [OK ] BI_DB_PositionPnL_crypto_only                 rows=24402953       elapsed= 3087ms
[2026-06-03 09:04:59]   [OK ] Dim_Position_matched_to_crypto_PnL            rows=24402953       elapsed=277842ms
[2026-06-03 09:04:59]   [OK ] Dim_Instrument_crypto                         rows=823            elapsed=   66ms
[2026-06-03 09:05:00]   [OK ] Fact_CurrencyPriceWithSplit                   rows=16013          elapsed=  257ms
[2026-06-03 09:05:00]   [OK ] Fact_CurrencyPriceWithSplit_crypto            rows=795            elapsed=  459ms
[2026-06-03 09:05:01]   [OK ] Fact_SnapshotCustomer                         rows=47963937       elapsed= 1009ms
[2026-06-03 09:05:02]   [OK ] Dim_Customer                                  rows=47963937       elapsed= 1201ms
[2026-06-03 09:05:09]   [OK ] V_GermanBaFin                                 rows=152272         elapsed= 6359ms
[2026-06-03 09:05:13]   [OK ] External_TanganyStatus_dict                   rows=6              elapsed= 4568ms
[2026-06-03 09:05:47]   [OK ] Apex_Enrolment_optout_general                 rows=1532075        elapsed=34036ms
[2026-06-03 09:06:19]   [OK ] Apex_Enrolment_optin_ETH                      rows=363483         elapsed=32076ms
[2026-06-03 09:06:21]   [OK ] BI_DB_Client_Balance_CID_Level_New            rows=6860874        elapsed= 1948ms
[2026-06-03 09:06:22]   [OK ] Dim_Range                                     rows=1327721        elapsed=  488ms
[2026-06-03 09:06:22]   [OK ] Dim_Regulation                                rows=15             elapsed=   42ms
[2026-06-03 09:06:22]   [OK ] Dim_Label                                     rows=26             elapsed=  187ms
[2026-06-03 09:06:22]   [OK ] Dim_MifidCategorization                       rows=6              elapsed=   62ms
[2026-06-03 09:06:22]   [OK ] Dim_AccountType                               rows=19             elapsed=   47ms
[2026-06-03 09:06:22]   [OK ] Dim_PlayerLevel                               rows=8              elapsed=   40ms
[2026-06-03 09:06:22]   [OK ] Dim_PlayerStatus                              rows=16             elapsed=   41ms
[2026-06-03 09:06:22]   [OK ] Dim_Country                                   rows=251            elapsed=   40ms
[2026-06-03 09:06:23]   [OK ] TARGET_BI_DB_Crypto_NOP                       rows=204596         elapsed=  224ms
[2026-06-03 09:06:24]   [OK ] TARGET_BI_DB_Crypto_NOP_CID                   rows=5142236        elapsed= 1727ms
[2026-06-03 09:06:25]   [OK ] SP_Crypto_NOP_run_history                     rows=2              elapsed=  791ms
[2026-06-03 09:06:27] 
[2026-06-03 09:06:27] Wrote C:\Users\guyman\Documents\github\Databricks_Knowledge\tools\sp_crypto_nop_audit\snapshots\2026-06-02_0900.csv  (24 rows, 0 errors)
[2026-06-03 09:06:27] poll_sources.py exit=0
[2026-06-03 09:06:27] Running: python C:\Users\guyman\Documents\github\Databricks_Knowledge\tools\sp_crypto_nop_audit\make_report.py
[2026-06-03 09:06:27] Comparing:
[2026-06-03 09:06:27]   EARLY = 2026-06-02_0400.csv
[2026-06-03 09:06:27]   LATE  = 2026-06-02_0900.csv
[2026-06-03 09:06:27] 
[2026-06-03 09:06:27] Wrote C:\Users\guyman\Documents\github\Databricks_Knowledge\tools\sp_crypto_nop_audit\reports\2026-06-02.md
[2026-06-03 09:06:27] Status: 2026-06-02  verdict=OK     changed= 0/24  early=2026-06-03T04:00:02  late=2026-06-03T09:00:03  report=2026-06-02.md
[2026-06-03 09:06:27] No drift ?ŕô skipping Downloads copy (in-repo report still at C:\Users\guyman\Documents\github\Databricks_Knowledge\tools\sp_crypto_nop_audit\reports\2026-06-02.md).
[2026-06-03 09:06:27] make_report.py exit=0
[2026-06-03 09:06:27] === END  pollExit=0 reportExit=0 ===
