[2026-06-24 04:00:01] === START tag='0400' target='' cwd='C:\Users\guyman\Documents\github\Databricks_Knowledge\tools\sp_crypto_nop_audit' ===
[2026-06-24 04:00:01] Running: python C:\Users\guyman\Documents\github\Databricks_Knowledge\tools\sp_crypto_nop_audit\poll_sources.py --tag 0400
[2026-06-24 04:00:02] === SP_Crypto_NOP source audit poll ===
[2026-06-24 04:00:02] target_date    = 2026-06-23  (DateID=20260623)
[2026-06-24 04:00:02] poll_at_utc    = 2026-06-24T04:00:02Z  (local: 2026-06-24T04:00:02)
[2026-06-24 04:00:02] tag            = 0400
[2026-06-24 04:00:02] sources        = 24
[2026-06-24 04:00:02] output         = C:\Users\guyman\Documents\github\Databricks_Knowledge\tools\sp_crypto_nop_audit\snapshots\2026-06-23_0400.csv
[2026-06-24 04:00:02] 
[2026-06-24 04:00:02] Connecting to Synapse (prod-synapse-dataplatform-we.sql.azuresynapse.net / sql_dp_prod_we) using SQL login ssisuser [SQL-only, no AAD fallback]...
[2026-06-24 04:00:02] Connected (SQL authentication).
[2026-06-24 04:00:02] 
[2026-06-24 04:00:02]   [OK ] BI_DB_PositionPnL                             rows=0              elapsed=  396ms
[2026-06-24 04:00:03]   [OK ] BI_DB_PositionPnL_crypto_only                 rows=0              elapsed=  375ms
[2026-06-24 04:00:04]   [OK ] Dim_Position_matched_to_crypto_PnL            rows=0              elapsed= 1030ms
[2026-06-24 04:00:05]   [OK ] Dim_Instrument_crypto                         rows=823            elapsed= 1049ms
[2026-06-24 04:00:05]   [OK ] Fact_CurrencyPriceWithSplit                   rows=16017          elapsed=  158ms
[2026-06-24 04:00:05]   [OK ] Fact_CurrencyPriceWithSplit_crypto            rows=795            elapsed=  311ms
[2026-06-24 04:00:06]   [OK ] Fact_SnapshotCustomer                         rows=48182543       elapsed=  476ms
[2026-06-24 04:00:06]   [OK ] Dim_Customer                                  rows=48182543       elapsed=  262ms
[2026-06-24 04:00:09]   [OK ] V_GermanBaFin                                 rows=152295         elapsed= 3063ms
[2026-06-24 04:00:11]   [OK ] External_TanganyStatus_dict                   rows=6              elapsed= 2412ms
[2026-06-24 04:00:31]   [OK ] Apex_Enrolment_optout_general                 rows=1598557        elapsed=19625ms
[2026-06-24 04:00:51]   [OK ] Apex_Enrolment_optin_ETH                      rows=369591         elapsed=20110ms
[2026-06-24 04:00:52]   [OK ] BI_DB_Client_Balance_CID_Level_New            rows=6913425        elapsed=  616ms
[2026-06-24 04:00:52]   [OK ] Dim_Range                                     rows=1331164        elapsed=  432ms
[2026-06-24 04:00:52]   [OK ] Dim_Regulation                                rows=15             elapsed=   44ms
[2026-06-24 04:00:52]   [OK ] Dim_Label                                     rows=26             elapsed=  145ms
[2026-06-24 04:00:52]   [OK ] Dim_MifidCategorization                       rows=6              elapsed=  147ms
[2026-06-24 04:00:52]   [OK ] Dim_AccountType                               rows=19             elapsed=   40ms
[2026-06-24 04:00:53]   [OK ] Dim_PlayerLevel                               rows=8              elapsed=   35ms
[2026-06-24 04:00:53]   [OK ] Dim_PlayerStatus                              rows=16             elapsed=   41ms
[2026-06-24 04:00:53]   [OK ] Dim_Country                                   rows=251            elapsed=   30ms
[2026-06-24 04:00:53]   [OK ] TARGET_BI_DB_Crypto_NOP                       rows=0              elapsed=  233ms
[2026-06-24 04:00:53]   [OK ] TARGET_BI_DB_Crypto_NOP_CID                   rows=0              elapsed=  252ms
[2026-06-24 04:00:53]   [OK ] SP_Crypto_NOP_run_history                     rows=0              elapsed=  159ms
[2026-06-24 04:00:55] 
[2026-06-24 04:00:55] Wrote C:\Users\guyman\Documents\github\Databricks_Knowledge\tools\sp_crypto_nop_audit\snapshots\2026-06-23_0400.csv  (24 rows, 0 errors)
[2026-06-24 04:00:55] poll_sources.py exit=0
[2026-06-24 04:00:55] Running: python C:\Users\guyman\Documents\github\Databricks_Knowledge\tools\sp_crypto_nop_audit\make_report.py
[2026-06-24 04:00:55] Only one snapshot for 2026-06-23 so far ?ŕô skipping diff.
[2026-06-24 04:00:55]   found: ['2026-06-23_0400.csv']
[2026-06-24 04:00:55] make_report.py exit=0
[2026-06-24 04:00:55] === END  pollExit=0 reportExit=0 ===
[2026-06-24 09:00:01] === START tag='0900' target='' cwd='C:\Users\guyman\Documents\github\Databricks_Knowledge\tools\sp_crypto_nop_audit' ===
[2026-06-24 09:00:01] Running: python C:\Users\guyman\Documents\github\Databricks_Knowledge\tools\sp_crypto_nop_audit\poll_sources.py --tag 0900
[2026-06-24 09:00:02] === SP_Crypto_NOP source audit poll ===
[2026-06-24 09:00:02] target_date    = 2026-06-23  (DateID=20260623)
[2026-06-24 09:00:02] poll_at_utc    = 2026-06-24T09:00:02Z  (local: 2026-06-24T09:00:02)
[2026-06-24 09:00:02] tag            = 0900
[2026-06-24 09:00:02] sources        = 24
[2026-06-24 09:00:02] output         = C:\Users\guyman\Documents\github\Databricks_Knowledge\tools\sp_crypto_nop_audit\snapshots\2026-06-23_0900.csv
[2026-06-24 09:00:02] 
[2026-06-24 09:00:02] Connecting to Synapse (prod-synapse-dataplatform-we.sql.azuresynapse.net / sql_dp_prod_we) using SQL login ssisuser [SQL-only, no AAD fallback]...
[2026-06-24 09:00:02] Connected (SQL authentication).
[2026-06-24 09:00:02] 
[2026-06-24 09:00:09]   [OK ] BI_DB_PositionPnL                             rows=142084033      elapsed= 7055ms
[2026-06-24 09:00:11]   [OK ] BI_DB_PositionPnL_crypto_only                 rows=24410966       elapsed= 2395ms
[2026-06-24 09:00:14]   [OK ] Dim_Position_matched_to_crypto_PnL            rows=24410966       elapsed= 3218ms
[2026-06-24 09:00:15]   [OK ] Dim_Instrument_crypto                         rows=823            elapsed=   51ms
[2026-06-24 09:00:15]   [OK ] Fact_CurrencyPriceWithSplit                   rows=16017          elapsed=  189ms
[2026-06-24 09:00:15]   [OK ] Fact_CurrencyPriceWithSplit_crypto            rows=795            elapsed=  224ms
[2026-06-24 09:00:16]   [OK ] Fact_SnapshotCustomer                         rows=48182543       elapsed=  881ms
[2026-06-24 09:00:17]   [OK ] Dim_Customer                                  rows=48182543       elapsed=  859ms
[2026-06-24 09:00:21]   [OK ] V_GermanBaFin                                 rows=152295         elapsed= 4261ms
[2026-06-24 09:00:23]   [OK ] External_TanganyStatus_dict                   rows=6              elapsed= 2133ms
[2026-06-24 09:00:42]   [OK ] Apex_Enrolment_optout_general                 rows=1598557        elapsed=18976ms
[2026-06-24 09:01:01]   [OK ] Apex_Enrolment_optin_ETH                      rows=369591         elapsed=18843ms
[2026-06-24 09:01:02]   [OK ] BI_DB_Client_Balance_CID_Level_New            rows=6913425        elapsed=  717ms
[2026-06-24 09:01:02]   [OK ] Dim_Range                                     rows=1331164        elapsed=  428ms
[2026-06-24 09:01:02]   [OK ] Dim_Regulation                                rows=15             elapsed=   31ms
[2026-06-24 09:01:02]   [OK ] Dim_Label                                     rows=26             elapsed=  123ms
[2026-06-24 09:01:02]   [OK ] Dim_MifidCategorization                       rows=6              elapsed=   30ms
[2026-06-24 09:01:02]   [OK ] Dim_AccountType                               rows=19             elapsed=   30ms
[2026-06-24 09:01:02]   [OK ] Dim_PlayerLevel                               rows=8              elapsed=   44ms
[2026-06-24 09:01:02]   [OK ] Dim_PlayerStatus                              rows=16             elapsed=   29ms
[2026-06-24 09:01:02]   [OK ] Dim_Country                                   rows=251            elapsed=   31ms
[2026-06-24 09:01:03]   [OK ] TARGET_BI_DB_Crypto_NOP                       rows=202836         elapsed=  258ms
[2026-06-24 09:01:03]   [OK ] TARGET_BI_DB_Crypto_NOP_CID                   rows=5104748        elapsed=  362ms
[2026-06-24 09:01:03]   [OK ] SP_Crypto_NOP_run_history                     rows=2              elapsed=  157ms
[2026-06-24 09:01:10] 
[2026-06-24 09:01:10] Wrote C:\Users\guyman\Documents\github\Databricks_Knowledge\tools\sp_crypto_nop_audit\snapshots\2026-06-23_0900.csv  (24 rows, 0 errors)
[2026-06-24 09:01:10] poll_sources.py exit=0
[2026-06-24 09:01:10] Running: python C:\Users\guyman\Documents\github\Databricks_Knowledge\tools\sp_crypto_nop_audit\make_report.py
[2026-06-24 09:01:10] Comparing:
[2026-06-24 09:01:10]   EARLY = 2026-06-23_0400.csv
[2026-06-24 09:01:10]   LATE  = 2026-06-23_0900.csv
[2026-06-24 09:01:10] 
[2026-06-24 09:01:10] Wrote C:\Users\guyman\Documents\github\Databricks_Knowledge\tools\sp_crypto_nop_audit\reports\2026-06-23.md
[2026-06-24 09:01:10] Status: 2026-06-23  verdict=DRIFT  changed= 6/24  early=2026-06-24T04:00:02  late=2026-06-24T09:00:02  report=2026-06-23.md
[2026-06-24 09:01:10] DRIFT DETECTED ?ŕô copied to C:\Users\guyman\Downloads\ALERT_sp_crypto_nop_drift_2026-06-23.md
[2026-06-24 09:01:10] make_report.py exit=0
[2026-06-24 09:01:10] === END  pollExit=0 reportExit=0 ===
