[2026-05-31 04:00:02] === START tag='0400' target='' cwd='C:\Users\guyman\Documents\github\Databricks_Knowledge\tools\sp_crypto_nop_audit' ===
[2026-05-31 04:00:02] Running: python C:\Users\guyman\Documents\github\Databricks_Knowledge\tools\sp_crypto_nop_audit\poll_sources.py --tag 0400
[2026-05-31 04:00:02] === SP_Crypto_NOP source audit poll ===
[2026-05-31 04:00:02] target_date    = 2026-05-30  (DateID=20260530)
[2026-05-31 04:00:02] poll_at_utc    = 2026-05-31T04:00:02Z  (local: 2026-05-31T04:00:02)
[2026-05-31 04:00:02] tag            = 0400
[2026-05-31 04:00:02] sources        = 24
[2026-05-31 04:00:02] output         = C:\Users\guyman\Documents\github\Databricks_Knowledge\tools\sp_crypto_nop_audit\snapshots\2026-05-30_0400.csv
[2026-05-31 04:00:02] 
[2026-05-31 04:00:02] Connecting to Synapse (prod-synapse-dataplatform-we.sql.azuresynapse.net / sql_dp_prod_we) using SQL login ssisuser [SQL-only, no AAD fallback]...
[2026-05-31 04:00:02] Connected (SQL authentication).
[2026-05-31 04:00:02] 
[2026-05-31 04:00:15]   [OK ] BI_DB_PositionPnL                             rows=138001549      elapsed=12771ms
[2026-05-31 04:00:20]   [OK ] BI_DB_PositionPnL_crypto_only                 rows=24767941       elapsed= 5343ms
[2026-05-31 04:01:32]   [OK ] Dim_Position_matched_to_crypto_PnL            rows=24767941       elapsed=71696ms
[2026-05-31 04:01:32]   [OK ] Dim_Instrument_crypto                         rows=823            elapsed=   60ms
[2026-05-31 04:01:34]   [OK ] Fact_CurrencyPriceWithSplit                   rows=16013          elapsed= 1853ms
[2026-05-31 04:01:35]   [OK ] Fact_CurrencyPriceWithSplit_crypto            rows=795            elapsed=  714ms
[2026-05-31 04:01:40]   [OK ] Fact_SnapshotCustomer                         rows=47928264       elapsed= 4980ms
[2026-05-31 04:01:42]   [OK ] Dim_Customer                                  rows=47928264       elapsed= 2843ms
[2026-05-31 04:01:54]   [OK ] V_GermanBaFin                                 rows=152301         elapsed=11265ms
[2026-05-31 04:01:57]   [OK ] External_TanganyStatus_dict                   rows=6              elapsed= 3378ms
[2026-05-31 04:02:14]   [OK ] Apex_Enrolment_optout_general                 rows=1516792        elapsed=17246ms
[2026-05-31 04:02:33]   [OK ] Apex_Enrolment_optin_ETH                      rows=362638         elapsed=18481ms
[2026-05-31 04:02:35]   [OK ] BI_DB_Client_Balance_CID_Level_New            rows=6856191        elapsed= 2561ms
[2026-05-31 04:02:36]   [OK ] Dim_Range                                     rows=1327265        elapsed=  709ms
[2026-05-31 04:02:36]   [OK ] Dim_Regulation                                rows=15             elapsed=   37ms
[2026-05-31 04:02:36]   [OK ] Dim_Label                                     rows=26             elapsed=  176ms
[2026-05-31 04:02:36]   [OK ] Dim_MifidCategorization                       rows=6              elapsed=  114ms
[2026-05-31 04:02:37]   [OK ] Dim_AccountType                               rows=19             elapsed=  323ms
[2026-05-31 04:02:37]   [OK ] Dim_PlayerLevel                               rows=8              elapsed=  182ms
[2026-05-31 04:02:37]   [OK ] Dim_PlayerStatus                              rows=16             elapsed=   54ms
[2026-05-31 04:02:37]   [OK ] Dim_Country                                   rows=251            elapsed=   38ms
[2026-05-31 04:02:39]   [OK ] TARGET_BI_DB_Crypto_NOP                       rows=204796         elapsed= 2365ms
[2026-05-31 04:02:51]   [OK ] TARGET_BI_DB_Crypto_NOP_CID                   rows=5153048        elapsed=11761ms
[2026-05-31 04:02:53]   [OK ] SP_Crypto_NOP_run_history                     rows=2              elapsed= 1681ms
[2026-05-31 04:03:00] 
[2026-05-31 04:03:00] Wrote C:\Users\guyman\Documents\github\Databricks_Knowledge\tools\sp_crypto_nop_audit\snapshots\2026-05-30_0400.csv  (24 rows, 0 errors)
[2026-05-31 04:03:00] poll_sources.py exit=0
[2026-05-31 04:03:00] Running: python C:\Users\guyman\Documents\github\Databricks_Knowledge\tools\sp_crypto_nop_audit\make_report.py
[2026-05-31 04:03:00] Only one snapshot for 2026-05-30 so far ?ŕô skipping diff.
[2026-05-31 04:03:00]   found: ['2026-05-30_0400.csv']
[2026-05-31 04:03:00] make_report.py exit=0
[2026-05-31 04:03:00] === END  pollExit=0 reportExit=0 ===
[2026-05-31 09:00:02] === START tag='0900' target='' cwd='C:\Users\guyman\Documents\github\Databricks_Knowledge\tools\sp_crypto_nop_audit' ===
[2026-05-31 09:00:02] Running: python C:\Users\guyman\Documents\github\Databricks_Knowledge\tools\sp_crypto_nop_audit\poll_sources.py --tag 0900
[2026-05-31 09:00:02] === SP_Crypto_NOP source audit poll ===
[2026-05-31 09:00:02] target_date    = 2026-05-30  (DateID=20260530)
[2026-05-31 09:00:02] poll_at_utc    = 2026-05-31T09:00:02Z  (local: 2026-05-31T09:00:02)
[2026-05-31 09:00:02] tag            = 0900
[2026-05-31 09:00:02] sources        = 24
[2026-05-31 09:00:02] output         = C:\Users\guyman\Documents\github\Databricks_Knowledge\tools\sp_crypto_nop_audit\snapshots\2026-05-30_0900.csv
[2026-05-31 09:00:02] 
[2026-05-31 09:00:02] Connecting to Synapse (prod-synapse-dataplatform-we.sql.azuresynapse.net / sql_dp_prod_we) using SQL login ssisuser [SQL-only, no AAD fallback]...
[2026-05-31 09:00:02] Connected (SQL authentication).
[2026-05-31 09:00:02] 
[2026-05-31 09:00:17]   [OK ] BI_DB_PositionPnL                             rows=138001549      elapsed=14378ms
[2026-05-31 09:00:22]   [OK ] BI_DB_PositionPnL_crypto_only                 rows=24767941       elapsed= 5440ms
[2026-05-31 09:01:33]   [OK ] Dim_Position_matched_to_crypto_PnL            rows=24767941       elapsed=70626ms
[2026-05-31 09:01:33]   [OK ] Dim_Instrument_crypto                         rows=823            elapsed=   82ms
[2026-05-31 09:01:33]   [OK ] Fact_CurrencyPriceWithSplit                   rows=16013          elapsed=  326ms
[2026-05-31 09:01:34]   [OK ] Fact_CurrencyPriceWithSplit_crypto            rows=795            elapsed=  560ms
[2026-05-31 09:01:35]   [OK ] Fact_SnapshotCustomer                         rows=47928264       elapsed= 1907ms
[2026-05-31 09:01:37]   [OK ] Dim_Customer                                  rows=47928264       elapsed= 1609ms
[2026-05-31 09:01:44]   [OK ] V_GermanBaFin                                 rows=152301         elapsed= 7316ms
[2026-05-31 09:01:47]   [OK ] External_TanganyStatus_dict                   rows=6              elapsed= 2993ms
[2026-05-31 09:02:09]   [OK ] Apex_Enrolment_optout_general                 rows=1516792        elapsed=21504ms
[2026-05-31 09:02:36]   [OK ] Apex_Enrolment_optin_ETH                      rows=362638         elapsed=27505ms
[2026-05-31 09:02:37]   [OK ] BI_DB_Client_Balance_CID_Level_New            rows=6856191        elapsed=  898ms
[2026-05-31 09:02:38]   [OK ] Dim_Range                                     rows=1327265        elapsed=  917ms
[2026-05-31 09:02:38]   [OK ] Dim_Regulation                                rows=15             elapsed=   48ms
[2026-05-31 09:02:38]   [OK ] Dim_Label                                     rows=26             elapsed=  177ms
[2026-05-31 09:02:38]   [OK ] Dim_MifidCategorization                       rows=6              elapsed=   44ms
[2026-05-31 09:02:39]   [OK ] Dim_AccountType                               rows=19             elapsed=   51ms
[2026-05-31 09:02:39]   [OK ] Dim_PlayerLevel                               rows=8              elapsed=   50ms
[2026-05-31 09:02:39]   [OK ] Dim_PlayerStatus                              rows=16             elapsed=   51ms
[2026-05-31 09:02:39]   [OK ] Dim_Country                                   rows=251            elapsed=   45ms
[2026-05-31 09:02:39]   [OK ] TARGET_BI_DB_Crypto_NOP                       rows=204796         elapsed=  413ms
[2026-05-31 09:02:40]   [OK ] TARGET_BI_DB_Crypto_NOP_CID                   rows=5153048        elapsed= 1246ms
[2026-05-31 09:02:41]   [OK ] SP_Crypto_NOP_run_history                     rows=2              elapsed=  231ms
[2026-05-31 09:02:47] 
[2026-05-31 09:02:47] Wrote C:\Users\guyman\Documents\github\Databricks_Knowledge\tools\sp_crypto_nop_audit\snapshots\2026-05-30_0900.csv  (24 rows, 0 errors)
[2026-05-31 09:02:47] poll_sources.py exit=0
[2026-05-31 09:02:47] Running: python C:\Users\guyman\Documents\github\Databricks_Knowledge\tools\sp_crypto_nop_audit\make_report.py
[2026-05-31 09:02:47] Comparing:
[2026-05-31 09:02:47]   EARLY = 2026-05-30_0400.csv
[2026-05-31 09:02:47]   LATE  = 2026-05-30_0900.csv
[2026-05-31 09:02:47] 
[2026-05-31 09:02:47] Wrote C:\Users\guyman\Documents\github\Databricks_Knowledge\tools\sp_crypto_nop_audit\reports\2026-05-30.md
[2026-05-31 09:02:47] Status: 2026-05-30  verdict=OK     changed= 0/24  early=2026-05-31T04:00:02  late=2026-05-31T09:00:02  report=2026-05-30.md
[2026-05-31 09:02:47] No drift ?ŕô skipping Downloads copy (in-repo report still at C:\Users\guyman\Documents\github\Databricks_Knowledge\tools\sp_crypto_nop_audit\reports\2026-05-30.md).
[2026-05-31 09:02:47] make_report.py exit=0
[2026-05-31 09:02:47] === END  pollExit=0 reportExit=0 ===
