[2026-06-14 04:00:01] === START tag='0400' target='' cwd='C:\Users\guyman\Documents\github\Databricks_Knowledge\tools\sp_crypto_nop_audit' ===
[2026-06-14 04:00:01] Running: python C:\Users\guyman\Documents\github\Databricks_Knowledge\tools\sp_crypto_nop_audit\poll_sources.py --tag 0400
[2026-06-14 04:00:02] === SP_Crypto_NOP source audit poll ===
[2026-06-14 04:00:02] target_date    = 2026-06-13  (DateID=20260613)
[2026-06-14 04:00:02] poll_at_utc    = 2026-06-14T04:00:02Z  (local: 2026-06-14T04:00:02)
[2026-06-14 04:00:02] tag            = 0400
[2026-06-14 04:00:02] sources        = 24
[2026-06-14 04:00:02] output         = C:\Users\guyman\Documents\github\Databricks_Knowledge\tools\sp_crypto_nop_audit\snapshots\2026-06-13_0400.csv
[2026-06-14 04:00:02] 
[2026-06-14 04:00:02] Connecting to Synapse (prod-synapse-dataplatform-we.sql.azuresynapse.net / sql_dp_prod_we) using SQL login ssisuser [SQL-only, no AAD fallback]...
[2026-06-14 04:00:02] Connected (SQL authentication).
[2026-06-14 04:00:02] 
[2026-06-14 04:00:08]   [OK ] BI_DB_PositionPnL                             rows=140804616      elapsed= 6799ms
[2026-06-14 04:00:12]   [OK ] BI_DB_PositionPnL_crypto_only                 rows=24383187       elapsed= 3956ms
[2026-06-14 04:00:20]   [OK ] Dim_Position_matched_to_crypto_PnL            rows=24383187       elapsed= 7169ms
[2026-06-14 04:00:20]   [OK ] Dim_Instrument_crypto                         rows=823            elapsed=   60ms
[2026-06-14 04:00:20]   [OK ] Fact_CurrencyPriceWithSplit                   rows=16017          elapsed=  210ms
[2026-06-14 04:00:20]   [OK ] Fact_CurrencyPriceWithSplit_crypto            rows=795            elapsed=  310ms
[2026-06-14 04:00:21]   [OK ] Fact_SnapshotCustomer                         rows=48066302       elapsed=  845ms
[2026-06-14 04:00:21]   [OK ] Dim_Customer                                  rows=48066302       elapsed=  329ms
[2026-06-14 04:00:25]   [OK ] V_GermanBaFin                                 rows=152500         elapsed= 3285ms
[2026-06-14 04:00:27]   [OK ] External_TanganyStatus_dict                   rows=6              elapsed= 2607ms
[2026-06-14 04:00:44]   [OK ] Apex_Enrolment_optout_general                 rows=1570101        elapsed=16348ms
[2026-06-14 04:01:01]   [OK ] Apex_Enrolment_optin_ETH                      rows=367142         elapsed=17310ms
[2026-06-14 04:01:02]   [OK ] BI_DB_Client_Balance_CID_Level_New            rows=6878394        elapsed= 1298ms
[2026-06-14 04:01:03]   [OK ] Dim_Range                                     rows=1329470        elapsed=  544ms
[2026-06-14 04:01:03]   [OK ] Dim_Regulation                                rows=15             elapsed=   51ms
[2026-06-14 04:01:03]   [OK ] Dim_Label                                     rows=26             elapsed=  163ms
[2026-06-14 04:01:03]   [OK ] Dim_MifidCategorization                       rows=6              elapsed=  164ms
[2026-06-14 04:01:03]   [OK ] Dim_AccountType                               rows=19             elapsed=   43ms
[2026-06-14 04:01:03]   [OK ] Dim_PlayerLevel                               rows=8              elapsed=   44ms
[2026-06-14 04:01:03]   [OK ] Dim_PlayerStatus                              rows=16             elapsed=   39ms
[2026-06-14 04:01:03]   [OK ] Dim_Country                                   rows=251            elapsed=   82ms
[2026-06-14 04:01:04]   [OK ] TARGET_BI_DB_Crypto_NOP                       rows=202926         elapsed=  238ms
[2026-06-14 04:01:12]   [OK ] TARGET_BI_DB_Crypto_NOP_CID                   rows=5118116        elapsed= 8099ms
[2026-06-14 04:01:12]   [OK ] SP_Crypto_NOP_run_history                     rows=2              elapsed=  200ms
[2026-06-14 04:01:16] 
[2026-06-14 04:01:16] Wrote C:\Users\guyman\Documents\github\Databricks_Knowledge\tools\sp_crypto_nop_audit\snapshots\2026-06-13_0400.csv  (24 rows, 0 errors)
[2026-06-14 04:01:16] poll_sources.py exit=0
[2026-06-14 04:01:16] Running: python C:\Users\guyman\Documents\github\Databricks_Knowledge\tools\sp_crypto_nop_audit\make_report.py
[2026-06-14 04:01:16] Only one snapshot for 2026-06-13 so far ?ŕô skipping diff.
[2026-06-14 04:01:16]   found: ['2026-06-13_0400.csv']
[2026-06-14 04:01:16] make_report.py exit=0
[2026-06-14 04:01:16] === END  pollExit=0 reportExit=0 ===
[2026-06-14 09:00:01] === START tag='0900' target='' cwd='C:\Users\guyman\Documents\github\Databricks_Knowledge\tools\sp_crypto_nop_audit' ===
[2026-06-14 09:00:01] Running: python C:\Users\guyman\Documents\github\Databricks_Knowledge\tools\sp_crypto_nop_audit\poll_sources.py --tag 0900
[2026-06-14 09:00:02] === SP_Crypto_NOP source audit poll ===
[2026-06-14 09:00:02] target_date    = 2026-06-13  (DateID=20260613)
[2026-06-14 09:00:02] poll_at_utc    = 2026-06-14T09:00:01Z  (local: 2026-06-14T09:00:01)
[2026-06-14 09:00:02] tag            = 0900
[2026-06-14 09:00:02] sources        = 24
[2026-06-14 09:00:02] output         = C:\Users\guyman\Documents\github\Databricks_Knowledge\tools\sp_crypto_nop_audit\snapshots\2026-06-13_0900.csv
[2026-06-14 09:00:02] 
[2026-06-14 09:00:02] Connecting to Synapse (prod-synapse-dataplatform-we.sql.azuresynapse.net / sql_dp_prod_we) using SQL login ssisuser [SQL-only, no AAD fallback]...
[2026-06-14 09:00:02] Connected (SQL authentication).
[2026-06-14 09:00:02] 
[2026-06-14 09:00:09]   [OK ] BI_DB_PositionPnL                             rows=140804616      elapsed= 7379ms
[2026-06-14 09:00:12]   [OK ] BI_DB_PositionPnL_crypto_only                 rows=24383187       elapsed= 3224ms
[2026-06-14 09:00:25]   [OK ] Dim_Position_matched_to_crypto_PnL            rows=24383187       elapsed=12395ms
[2026-06-14 09:00:25]   [OK ] Dim_Instrument_crypto                         rows=823            elapsed=   67ms
[2026-06-14 09:00:25]   [OK ] Fact_CurrencyPriceWithSplit                   rows=16017          elapsed=  291ms
[2026-06-14 09:00:25]   [OK ] Fact_CurrencyPriceWithSplit_crypto            rows=795            elapsed=  302ms
[2026-06-14 09:00:27]   [OK ] Fact_SnapshotCustomer                         rows=48066302       elapsed= 1918ms
[2026-06-14 09:00:28]   [OK ] Dim_Customer                                  rows=48066302       elapsed=  792ms
[2026-06-14 09:00:32]   [OK ] V_GermanBaFin                                 rows=152500         elapsed= 4380ms
[2026-06-14 09:00:35]   [OK ] External_TanganyStatus_dict                   rows=6              elapsed= 2239ms
[2026-06-14 09:00:51]   [OK ] Apex_Enrolment_optout_general                 rows=1570101        elapsed=16138ms
[2026-06-14 09:01:08]   [OK ] Apex_Enrolment_optin_ETH                      rows=367142         elapsed=17554ms
[2026-06-14 09:01:09]   [OK ] BI_DB_Client_Balance_CID_Level_New            rows=6878394        elapsed=  914ms
[2026-06-14 09:01:10]   [OK ] Dim_Range                                     rows=1329470        elapsed=  496ms
[2026-06-14 09:01:10]   [OK ] Dim_Regulation                                rows=15             elapsed=   43ms
[2026-06-14 09:01:10]   [OK ] Dim_Label                                     rows=26             elapsed=  214ms
[2026-06-14 09:01:10]   [OK ] Dim_MifidCategorization                       rows=6              elapsed=   53ms
[2026-06-14 09:01:10]   [OK ] Dim_AccountType                               rows=19             elapsed=   87ms
[2026-06-14 09:01:10]   [OK ] Dim_PlayerLevel                               rows=8              elapsed=   67ms
[2026-06-14 09:01:10]   [OK ] Dim_PlayerStatus                              rows=16             elapsed=   69ms
[2026-06-14 09:01:10]   [OK ] Dim_Country                                   rows=251            elapsed=   68ms
[2026-06-14 09:01:11]   [OK ] TARGET_BI_DB_Crypto_NOP                       rows=202926         elapsed=  484ms
[2026-06-14 09:01:12]   [OK ] TARGET_BI_DB_Crypto_NOP_CID                   rows=5118116        elapsed= 1322ms
[2026-06-14 09:01:13]   [OK ] SP_Crypto_NOP_run_history                     rows=2              elapsed=  231ms
[2026-06-14 09:01:25] 
[2026-06-14 09:01:25] Wrote C:\Users\guyman\Documents\github\Databricks_Knowledge\tools\sp_crypto_nop_audit\snapshots\2026-06-13_0900.csv  (24 rows, 0 errors)
[2026-06-14 09:01:25] poll_sources.py exit=0
[2026-06-14 09:01:25] Running: python C:\Users\guyman\Documents\github\Databricks_Knowledge\tools\sp_crypto_nop_audit\make_report.py
[2026-06-14 09:01:25] Comparing:
[2026-06-14 09:01:25]   EARLY = 2026-06-13_0400.csv
[2026-06-14 09:01:25]   LATE  = 2026-06-13_0900.csv
[2026-06-14 09:01:25] 
[2026-06-14 09:01:25] Wrote C:\Users\guyman\Documents\github\Databricks_Knowledge\tools\sp_crypto_nop_audit\reports\2026-06-13.md
[2026-06-14 09:01:25] Status: 2026-06-13  verdict=OK     changed= 0/24  early=2026-06-14T04:00:02  late=2026-06-14T09:00:01  report=2026-06-13.md
[2026-06-14 09:01:25] No drift ?ŕô skipping Downloads copy (in-repo report still at C:\Users\guyman\Documents\github\Databricks_Knowledge\tools\sp_crypto_nop_audit\reports\2026-06-13.md).
[2026-06-14 09:01:25] make_report.py exit=0
[2026-06-14 09:01:25] === END  pollExit=0 reportExit=0 ===
