[2026-06-04 04:00:01] === START tag='0400' target='' cwd='C:\Users\guyman\Documents\github\Databricks_Knowledge\tools\sp_crypto_nop_audit' ===
[2026-06-04 04:00:01] Running: python C:\Users\guyman\Documents\github\Databricks_Knowledge\tools\sp_crypto_nop_audit\poll_sources.py --tag 0400
[2026-06-04 04:00:02] === SP_Crypto_NOP source audit poll ===
[2026-06-04 04:00:02] target_date    = 2026-06-03  (DateID=20260603)
[2026-06-04 04:00:02] poll_at_utc    = 2026-06-04T04:00:02Z  (local: 2026-06-04T04:00:02)
[2026-06-04 04:00:02] tag            = 0400
[2026-06-04 04:00:02] sources        = 24
[2026-06-04 04:00:02] output         = C:\Users\guyman\Documents\github\Databricks_Knowledge\tools\sp_crypto_nop_audit\snapshots\2026-06-03_0400.csv
[2026-06-04 04:00:02] 
[2026-06-04 04:00:02] Connecting to Synapse (prod-synapse-dataplatform-we.sql.azuresynapse.net / sql_dp_prod_we) using SQL login ssisuser [SQL-only, no AAD fallback]...
[2026-06-04 04:00:02] Connected (SQL authentication).
[2026-06-04 04:00:02] 
[2026-06-04 04:00:08]   [OK ] BI_DB_PositionPnL                             rows=138491586      elapsed= 6479ms
[2026-06-04 04:00:10]   [OK ] BI_DB_PositionPnL_crypto_only                 rows=24433160       elapsed= 1915ms
[2026-06-04 04:00:19]   [OK ] Dim_Position_matched_to_crypto_PnL            rows=24433160       elapsed= 8452ms
[2026-06-04 04:00:20]   [OK ] Dim_Instrument_crypto                         rows=823            elapsed= 1433ms
[2026-06-04 04:00:20]   [OK ] Fact_CurrencyPriceWithSplit                   rows=16013          elapsed=  210ms
[2026-06-04 04:00:21]   [OK ] Fact_CurrencyPriceWithSplit_crypto            rows=795            elapsed=  561ms
[2026-06-04 04:00:23]   [OK ] Fact_SnapshotCustomer                         rows=47975041       elapsed= 2149ms
[2026-06-04 04:00:24]   [OK ] Dim_Customer                                  rows=47975041       elapsed=  601ms
[2026-06-04 04:00:29]   [OK ] V_GermanBaFin                                 rows=152303         elapsed= 5434ms
[2026-06-04 04:00:32]   [OK ] External_TanganyStatus_dict                   rows=6              elapsed= 3126ms
[2026-06-04 04:00:52]   [OK ] Apex_Enrolment_optout_general                 rows=1538683        elapsed=20290ms
[2026-06-04 04:01:12]   [OK ] Apex_Enrolment_optin_ETH                      rows=363909         elapsed=20107ms
[2026-06-04 04:01:13]   [OK ] BI_DB_Client_Balance_CID_Level_New            rows=5310577        elapsed=  636ms
[2026-06-04 04:01:14]   [OK ] Dim_Range                                     rows=1327875        elapsed=  511ms
[2026-06-04 04:01:14]   [OK ] Dim_Regulation                                rows=15             elapsed=   42ms
[2026-06-04 04:01:14]   [OK ] Dim_Label                                     rows=26             elapsed=  167ms
[2026-06-04 04:01:14]   [OK ] Dim_MifidCategorization                       rows=6              elapsed=   45ms
[2026-06-04 04:01:14]   [OK ] Dim_AccountType                               rows=19             elapsed=   43ms
[2026-06-04 04:01:14]   [OK ] Dim_PlayerLevel                               rows=8              elapsed=   38ms
[2026-06-04 04:01:14]   [OK ] Dim_PlayerStatus                              rows=16             elapsed=   49ms
[2026-06-04 04:01:14]   [OK ] Dim_Country                                   rows=251            elapsed=   44ms
[2026-06-04 04:01:19]   [OK ] TARGET_BI_DB_Crypto_NOP                       rows=204385         elapsed= 5219ms
[2026-06-04 04:01:20]   [OK ] TARGET_BI_DB_Crypto_NOP_CID                   rows=5135172        elapsed= 1137ms
[2026-06-04 04:01:21]   [OK ] SP_Crypto_NOP_run_history                     rows=2              elapsed=  701ms
[2026-06-04 04:01:23] 
[2026-06-04 04:01:23] Wrote C:\Users\guyman\Documents\github\Databricks_Knowledge\tools\sp_crypto_nop_audit\snapshots\2026-06-03_0400.csv  (24 rows, 0 errors)
[2026-06-04 04:01:23] poll_sources.py exit=0
[2026-06-04 04:01:23] Running: python C:\Users\guyman\Documents\github\Databricks_Knowledge\tools\sp_crypto_nop_audit\make_report.py
[2026-06-04 04:01:24] Only one snapshot for 2026-06-03 so far ?ŕô skipping diff.
[2026-06-04 04:01:24]   found: ['2026-06-03_0400.csv']
[2026-06-04 04:01:24] make_report.py exit=0
[2026-06-04 04:01:24] === END  pollExit=0 reportExit=0 ===
[2026-06-04 09:00:02] === START tag='0900' target='' cwd='C:\Users\guyman\Documents\github\Databricks_Knowledge\tools\sp_crypto_nop_audit' ===
[2026-06-04 09:00:02] Running: python C:\Users\guyman\Documents\github\Databricks_Knowledge\tools\sp_crypto_nop_audit\poll_sources.py --tag 0900
[2026-06-04 09:00:02] === SP_Crypto_NOP source audit poll ===
[2026-06-04 09:00:02] target_date    = 2026-06-03  (DateID=20260603)
[2026-06-04 09:00:02] poll_at_utc    = 2026-06-04T09:00:02Z  (local: 2026-06-04T09:00:02)
[2026-06-04 09:00:02] tag            = 0900
[2026-06-04 09:00:02] sources        = 24
[2026-06-04 09:00:02] output         = C:\Users\guyman\Documents\github\Databricks_Knowledge\tools\sp_crypto_nop_audit\snapshots\2026-06-03_0900.csv
[2026-06-04 09:00:02] 
[2026-06-04 09:00:02] Connecting to Synapse (prod-synapse-dataplatform-we.sql.azuresynapse.net / sql_dp_prod_we) using SQL login ssisuser [SQL-only, no AAD fallback]...
[2026-06-04 09:00:02] Connected (SQL authentication).
[2026-06-04 09:00:02] 
[2026-06-04 09:00:11]   [OK ] BI_DB_PositionPnL                             rows=138491586      elapsed= 8993ms
[2026-06-04 09:00:14]   [OK ] BI_DB_PositionPnL_crypto_only                 rows=24433160       elapsed= 2757ms
[2026-06-04 09:00:26]   [OK ] Dim_Position_matched_to_crypto_PnL            rows=24433160       elapsed=11806ms
[2026-06-04 09:00:26]   [OK ] Dim_Instrument_crypto                         rows=823            elapsed=   71ms
[2026-06-04 09:00:26]   [OK ] Fact_CurrencyPriceWithSplit                   rows=16013          elapsed=  254ms
[2026-06-04 09:00:26]   [OK ] Fact_CurrencyPriceWithSplit_crypto            rows=795            elapsed=  321ms
[2026-06-04 09:00:28]   [OK ] Fact_SnapshotCustomer                         rows=47975041       elapsed= 1413ms
[2026-06-04 09:00:28]   [OK ] Dim_Customer                                  rows=47975041       elapsed=  778ms
[2026-06-04 09:00:34]   [OK ] V_GermanBaFin                                 rows=152303         elapsed= 5852ms
[2026-06-04 09:00:37]   [OK ] External_TanganyStatus_dict                   rows=6              elapsed= 2431ms
[2026-06-04 09:00:53]   [OK ] Apex_Enrolment_optout_general                 rows=1538683        elapsed=16616ms
[2026-06-04 09:01:10]   [OK ] Apex_Enrolment_optin_ETH                      rows=363909         elapsed=16645ms
[2026-06-04 09:01:11]   [OK ] BI_DB_Client_Balance_CID_Level_New            rows=6862300        elapsed= 1501ms
[2026-06-04 09:01:12]   [OK ] Dim_Range                                     rows=1327875        elapsed=  512ms
[2026-06-04 09:01:12]   [OK ] Dim_Regulation                                rows=15             elapsed=   43ms
[2026-06-04 09:01:12]   [OK ] Dim_Label                                     rows=26             elapsed=  162ms
[2026-06-04 09:01:12]   [OK ] Dim_MifidCategorization                       rows=6              elapsed=   46ms
[2026-06-04 09:01:12]   [OK ] Dim_AccountType                               rows=19             elapsed=   46ms
[2026-06-04 09:01:12]   [OK ] Dim_PlayerLevel                               rows=8              elapsed=   39ms
[2026-06-04 09:01:12]   [OK ] Dim_PlayerStatus                              rows=16             elapsed=   43ms
[2026-06-04 09:01:12]   [OK ] Dim_Country                                   rows=251            elapsed=   44ms
[2026-06-04 09:01:13]   [OK ] TARGET_BI_DB_Crypto_NOP                       rows=204385         elapsed=  507ms
[2026-06-04 09:01:15]   [OK ] TARGET_BI_DB_Crypto_NOP_CID                   rows=5135172        elapsed= 2617ms
[2026-06-04 09:01:16]   [OK ] SP_Crypto_NOP_run_history                     rows=2              elapsed=  191ms
[2026-06-04 09:01:18] 
[2026-06-04 09:01:18] Wrote C:\Users\guyman\Documents\github\Databricks_Knowledge\tools\sp_crypto_nop_audit\snapshots\2026-06-03_0900.csv  (24 rows, 0 errors)
[2026-06-04 09:01:18] poll_sources.py exit=0
[2026-06-04 09:01:18] Running: python C:\Users\guyman\Documents\github\Databricks_Knowledge\tools\sp_crypto_nop_audit\make_report.py
[2026-06-04 09:01:18] Comparing:
[2026-06-04 09:01:18]   EARLY = 2026-06-03_0400.csv
[2026-06-04 09:01:18]   LATE  = 2026-06-03_0900.csv
[2026-06-04 09:01:18] 
[2026-06-04 09:01:18] Wrote C:\Users\guyman\Documents\github\Databricks_Knowledge\tools\sp_crypto_nop_audit\reports\2026-06-03.md
[2026-06-04 09:01:18] Status: 2026-06-03  verdict=DRIFT  changed= 1/24  early=2026-06-04T04:00:02  late=2026-06-04T09:00:02  report=2026-06-03.md
[2026-06-04 09:01:18] DRIFT DETECTED ?ŕô copied to C:\Users\guyman\Downloads\ALERT_sp_crypto_nop_drift_2026-06-03.md
[2026-06-04 09:01:18] make_report.py exit=0
[2026-06-04 09:01:18] === END  pollExit=0 reportExit=0 ===
