[2026-06-10 04:00:02] === START tag='0400' target='' cwd='C:\Users\guyman\Documents\github\Databricks_Knowledge\tools\sp_crypto_nop_audit' ===
[2026-06-10 04:00:02] Running: python C:\Users\guyman\Documents\github\Databricks_Knowledge\tools\sp_crypto_nop_audit\poll_sources.py --tag 0400
[2026-06-10 04:00:02] === SP_Crypto_NOP source audit poll ===
[2026-06-10 04:00:02] target_date    = 2026-06-09  (DateID=20260609)
[2026-06-10 04:00:02] poll_at_utc    = 2026-06-10T04:00:02Z  (local: 2026-06-10T04:00:02)
[2026-06-10 04:00:02] tag            = 0400
[2026-06-10 04:00:02] sources        = 24
[2026-06-10 04:00:02] output         = C:\Users\guyman\Documents\github\Databricks_Knowledge\tools\sp_crypto_nop_audit\snapshots\2026-06-09_0400.csv
[2026-06-10 04:00:02] 
[2026-06-10 04:00:02] Connecting to Synapse (prod-synapse-dataplatform-we.sql.azuresynapse.net / sql_dp_prod_we) using SQL login ssisuser [SQL-only, no AAD fallback]...
[2026-06-10 04:00:02] Connected (SQL authentication).
[2026-06-10 04:00:02] 
[2026-06-10 04:00:11]   [OK ] BI_DB_PositionPnL                             rows=140457731      elapsed= 8353ms
[2026-06-10 04:00:12]   [OK ] BI_DB_PositionPnL_crypto_only                 rows=24406621       elapsed= 1559ms
[2026-06-10 04:00:19]   [OK ] Dim_Position_matched_to_crypto_PnL            rows=24406621       elapsed= 6202ms
[2026-06-10 04:00:20]   [OK ] Dim_Instrument_crypto                         rows=823            elapsed= 1968ms
[2026-06-10 04:00:21]   [OK ] Fact_CurrencyPriceWithSplit                   rows=16017          elapsed=  239ms
[2026-06-10 04:00:21]   [OK ] Fact_CurrencyPriceWithSplit_crypto            rows=795            elapsed=  579ms
[2026-06-10 04:00:23]   [OK ] Fact_SnapshotCustomer                         rows=48027132       elapsed= 1970ms
[2026-06-10 04:00:25]   [OK ] Dim_Customer                                  rows=48027132       elapsed= 1634ms
[2026-06-10 04:00:29]   [OK ] V_GermanBaFin                                 rows=152389         elapsed= 3914ms
[2026-06-10 04:00:32]   [OK ] External_TanganyStatus_dict                   rows=6              elapsed= 2772ms
[2026-06-10 04:00:54]   [OK ] Apex_Enrolment_optout_general                 rows=1557913        elapsed=22836ms
[2026-06-10 04:01:22]   [OK ] Apex_Enrolment_optin_ETH                      rows=365708         elapsed=27304ms
[2026-06-10 04:01:23]   [OK ] BI_DB_Client_Balance_CID_Level_New            rows=6870894        elapsed= 1084ms
[2026-06-10 04:01:23]   [OK ] Dim_Range                                     rows=1328820        elapsed=  502ms
[2026-06-10 04:01:23]   [OK ] Dim_Regulation                                rows=15             elapsed=   51ms
[2026-06-10 04:01:24]   [OK ] Dim_Label                                     rows=26             elapsed=  195ms
[2026-06-10 04:01:24]   [OK ] Dim_MifidCategorization                       rows=6              elapsed=  189ms
[2026-06-10 04:01:24]   [OK ] Dim_AccountType                               rows=19             elapsed=   47ms
[2026-06-10 04:01:24]   [OK ] Dim_PlayerLevel                               rows=8              elapsed=   45ms
[2026-06-10 04:01:24]   [OK ] Dim_PlayerStatus                              rows=16             elapsed=   44ms
[2026-06-10 04:01:24]   [OK ] Dim_Country                                   rows=251            elapsed=   44ms
[2026-06-10 04:01:26]   [OK ] TARGET_BI_DB_Crypto_NOP                       rows=202941         elapsed= 1825ms
[2026-06-10 04:01:28]   [OK ] TARGET_BI_DB_Crypto_NOP_CID                   rows=5124973        elapsed= 1915ms
[2026-06-10 04:01:29]   [OK ] SP_Crypto_NOP_run_history                     rows=2              elapsed= 1561ms
[2026-06-10 04:01:33] 
[2026-06-10 04:01:33] Wrote C:\Users\guyman\Documents\github\Databricks_Knowledge\tools\sp_crypto_nop_audit\snapshots\2026-06-09_0400.csv  (24 rows, 0 errors)
[2026-06-10 04:01:33] poll_sources.py exit=0
[2026-06-10 04:01:33] Running: python C:\Users\guyman\Documents\github\Databricks_Knowledge\tools\sp_crypto_nop_audit\make_report.py
[2026-06-10 04:01:33] Only one snapshot for 2026-06-09 so far ?ŕô skipping diff.
[2026-06-10 04:01:33]   found: ['2026-06-09_0400.csv']
[2026-06-10 04:01:33] make_report.py exit=0
[2026-06-10 04:01:33] === END  pollExit=0 reportExit=0 ===
[2026-06-10 09:00:02] === START tag='0900' target='' cwd='C:\Users\guyman\Documents\github\Databricks_Knowledge\tools\sp_crypto_nop_audit' ===
[2026-06-10 09:00:02] Running: python C:\Users\guyman\Documents\github\Databricks_Knowledge\tools\sp_crypto_nop_audit\poll_sources.py --tag 0900
[2026-06-10 09:00:02] === SP_Crypto_NOP source audit poll ===
[2026-06-10 09:00:02] target_date    = 2026-06-09  (DateID=20260609)
[2026-06-10 09:00:02] poll_at_utc    = 2026-06-10T09:00:02Z  (local: 2026-06-10T09:00:02)
[2026-06-10 09:00:02] tag            = 0900
[2026-06-10 09:00:02] sources        = 24
[2026-06-10 09:00:02] output         = C:\Users\guyman\Documents\github\Databricks_Knowledge\tools\sp_crypto_nop_audit\snapshots\2026-06-09_0900.csv
[2026-06-10 09:00:02] 
[2026-06-10 09:00:02] Connecting to Synapse (prod-synapse-dataplatform-we.sql.azuresynapse.net / sql_dp_prod_we) using SQL login ssisuser [SQL-only, no AAD fallback]...
[2026-06-10 09:00:02] Connected (SQL authentication).
[2026-06-10 09:00:02] 
[2026-06-10 09:00:10]   [OK ] BI_DB_PositionPnL                             rows=140457731      elapsed= 8345ms
[2026-06-10 09:00:13]   [OK ] BI_DB_PositionPnL_crypto_only                 rows=24406621       elapsed= 2517ms
[2026-06-10 09:01:34]   [OK ] Dim_Position_matched_to_crypto_PnL            rows=24406621       elapsed=81006ms
[2026-06-10 09:01:34]   [OK ] Dim_Instrument_crypto                         rows=823            elapsed=  110ms
[2026-06-10 09:01:36]   [OK ] Fact_CurrencyPriceWithSplit                   rows=16017          elapsed= 2414ms
[2026-06-10 09:01:37]   [OK ] Fact_CurrencyPriceWithSplit_crypto            rows=795            elapsed=  575ms
[2026-06-10 09:01:41]   [OK ] Fact_SnapshotCustomer                         rows=48027132       elapsed= 3881ms
[2026-06-10 09:01:43]   [OK ] Dim_Customer                                  rows=48027132       elapsed= 2628ms
[2026-06-10 09:01:54]   [OK ] V_GermanBaFin                                 rows=152389         elapsed=10748ms
[2026-06-10 09:02:02]   [OK ] External_TanganyStatus_dict                   rows=6              elapsed= 7769ms
[2026-06-10 09:02:53]   [OK ] Apex_Enrolment_optout_general                 rows=1557913        elapsed=51267ms
[2026-06-10 09:03:18]   [OK ] Apex_Enrolment_optin_ETH                      rows=365708         elapsed=24417ms
[2026-06-10 09:03:25]   [OK ] BI_DB_Client_Balance_CID_Level_New            rows=6870894        elapsed= 7222ms
[2026-06-10 09:03:26]   [OK ] Dim_Range                                     rows=1328820        elapsed=  936ms
[2026-06-10 09:03:26]   [OK ] Dim_Regulation                                rows=15             elapsed=   81ms
[2026-06-10 09:03:26]   [OK ] Dim_Label                                     rows=26             elapsed=  347ms
[2026-06-10 09:03:27]   [OK ] Dim_MifidCategorization                       rows=6              elapsed=  325ms
[2026-06-10 09:03:27]   [OK ] Dim_AccountType                               rows=19             elapsed=   80ms
[2026-06-10 09:03:27]   [OK ] Dim_PlayerLevel                               rows=8              elapsed=   47ms
[2026-06-10 09:03:27]   [OK ] Dim_PlayerStatus                              rows=16             elapsed=   52ms
[2026-06-10 09:03:27]   [OK ] Dim_Country                                   rows=251            elapsed=   46ms
[2026-06-10 09:03:28]   [OK ] TARGET_BI_DB_Crypto_NOP                       rows=202941         elapsed= 1367ms
[2026-06-10 09:03:36]   [OK ] TARGET_BI_DB_Crypto_NOP_CID                   rows=5124973        elapsed= 7991ms
[2026-06-10 09:03:38]   [OK ] SP_Crypto_NOP_run_history                     rows=2              elapsed= 2069ms
[2026-06-10 09:03:45] 
[2026-06-10 09:03:45] Wrote C:\Users\guyman\Documents\github\Databricks_Knowledge\tools\sp_crypto_nop_audit\snapshots\2026-06-09_0900.csv  (24 rows, 0 errors)
[2026-06-10 09:03:45] poll_sources.py exit=0
[2026-06-10 09:03:45] Running: python C:\Users\guyman\Documents\github\Databricks_Knowledge\tools\sp_crypto_nop_audit\make_report.py
[2026-06-10 09:03:45] Comparing:
[2026-06-10 09:03:45]   EARLY = 2026-06-09_0400.csv
[2026-06-10 09:03:45]   LATE  = 2026-06-09_0900.csv
[2026-06-10 09:03:45] 
[2026-06-10 09:03:45] Wrote C:\Users\guyman\Documents\github\Databricks_Knowledge\tools\sp_crypto_nop_audit\reports\2026-06-09.md
[2026-06-10 09:03:45] Status: 2026-06-09  verdict=OK     changed= 0/24  early=2026-06-10T04:00:02  late=2026-06-10T09:00:02  report=2026-06-09.md
[2026-06-10 09:03:45] No drift ?ŕô skipping Downloads copy (in-repo report still at C:\Users\guyman\Documents\github\Databricks_Knowledge\tools\sp_crypto_nop_audit\reports\2026-06-09.md).
[2026-06-10 09:03:45] make_report.py exit=0
[2026-06-10 09:03:45] === END  pollExit=0 reportExit=0 ===
