[2026-06-23 04:00:01] === START tag='0400' target='' cwd='C:\Users\guyman\Documents\github\Databricks_Knowledge\tools\sp_crypto_nop_audit' ===
[2026-06-23 04:00:01] Running: python C:\Users\guyman\Documents\github\Databricks_Knowledge\tools\sp_crypto_nop_audit\poll_sources.py --tag 0400
[2026-06-23 04:00:02] === SP_Crypto_NOP source audit poll ===
[2026-06-23 04:00:02] target_date    = 2026-06-22  (DateID=20260622)
[2026-06-23 04:00:02] poll_at_utc    = 2026-06-23T04:00:02Z  (local: 2026-06-23T04:00:02)
[2026-06-23 04:00:02] tag            = 0400
[2026-06-23 04:00:02] sources        = 24
[2026-06-23 04:00:02] output         = C:\Users\guyman\Documents\github\Databricks_Knowledge\tools\sp_crypto_nop_audit\snapshots\2026-06-22_0400.csv
[2026-06-23 04:00:02] 
[2026-06-23 04:00:02] Connecting to Synapse (prod-synapse-dataplatform-we.sql.azuresynapse.net / sql_dp_prod_we) using SQL login ssisuser [SQL-only, no AAD fallback]...
[2026-06-23 04:00:02] Connected (SQL authentication).
[2026-06-23 04:00:02] 
[2026-06-23 04:00:07]   [OK ] BI_DB_PositionPnL                             rows=141724912      elapsed= 5594ms
[2026-06-23 04:00:11]   [OK ] BI_DB_PositionPnL_crypto_only                 rows=24437970       elapsed= 3685ms
[2026-06-23 04:00:16]   [OK ] Dim_Position_matched_to_crypto_PnL            rows=24437970       elapsed= 4559ms
[2026-06-23 04:00:17]   [OK ] Dim_Instrument_crypto                         rows=823            elapsed= 1153ms
[2026-06-23 04:00:17]   [OK ] Fact_CurrencyPriceWithSplit                   rows=16017          elapsed=  176ms
[2026-06-23 04:00:17]   [OK ] Fact_CurrencyPriceWithSplit_crypto            rows=795            elapsed=  329ms
[2026-06-23 04:00:19]   [OK ] Fact_SnapshotCustomer                         rows=48170010       elapsed= 1385ms
[2026-06-23 04:00:19]   [OK ] Dim_Customer                                  rows=48170010       elapsed=  351ms
[2026-06-23 04:00:22]   [OK ] V_GermanBaFin                                 rows=152453         elapsed= 3357ms
[2026-06-23 04:00:25]   [OK ] External_TanganyStatus_dict                   rows=6              elapsed= 2330ms
[2026-06-23 04:00:39]   [OK ] Apex_Enrolment_optout_general                 rows=1595610        elapsed=13889ms
[2026-06-23 04:00:53]   [OK ] Apex_Enrolment_optin_ETH                      rows=369384         elapsed=14760ms
[2026-06-23 04:00:54]   [OK ] BI_DB_Client_Balance_CID_Level_New            rows=6910366        elapsed= 1099ms
[2026-06-23 04:00:55]   [OK ] Dim_Range                                     rows=1330990        elapsed=  417ms
[2026-06-23 04:00:55]   [OK ] Dim_Regulation                                rows=15             elapsed=   39ms
[2026-06-23 04:00:55]   [OK ] Dim_Label                                     rows=26             elapsed=  139ms
[2026-06-23 04:00:55]   [OK ] Dim_MifidCategorization                       rows=6              elapsed=  131ms
[2026-06-23 04:00:55]   [OK ] Dim_AccountType                               rows=19             elapsed=   33ms
[2026-06-23 04:00:55]   [OK ] Dim_PlayerLevel                               rows=8              elapsed=   31ms
[2026-06-23 04:00:55]   [OK ] Dim_PlayerStatus                              rows=16             elapsed=   30ms
[2026-06-23 04:00:55]   [OK ] Dim_Country                                   rows=251            elapsed=   31ms
[2026-06-23 04:00:57]   [OK ] TARGET_BI_DB_Crypto_NOP                       rows=202975         elapsed= 1774ms
[2026-06-23 04:00:57]   [OK ] TARGET_BI_DB_Crypto_NOP_CID                   rows=5107221        elapsed=  465ms
[2026-06-23 04:00:58]   [OK ] SP_Crypto_NOP_run_history                     rows=2              elapsed=  170ms
[2026-06-23 04:01:00] 
[2026-06-23 04:01:00] Wrote C:\Users\guyman\Documents\github\Databricks_Knowledge\tools\sp_crypto_nop_audit\snapshots\2026-06-22_0400.csv  (24 rows, 0 errors)
[2026-06-23 04:01:00] poll_sources.py exit=0
[2026-06-23 04:01:00] Running: python C:\Users\guyman\Documents\github\Databricks_Knowledge\tools\sp_crypto_nop_audit\make_report.py
[2026-06-23 04:01:00] Only one snapshot for 2026-06-22 so far ?ŕô skipping diff.
[2026-06-23 04:01:00]   found: ['2026-06-22_0400.csv']
[2026-06-23 04:01:00] make_report.py exit=0
[2026-06-23 04:01:00] === END  pollExit=0 reportExit=0 ===
[2026-06-23 09:00:02] === START tag='0900' target='' cwd='C:\Users\guyman\Documents\github\Databricks_Knowledge\tools\sp_crypto_nop_audit' ===
[2026-06-23 09:00:02] Running: python C:\Users\guyman\Documents\github\Databricks_Knowledge\tools\sp_crypto_nop_audit\poll_sources.py --tag 0900
[2026-06-23 09:00:02] === SP_Crypto_NOP source audit poll ===
[2026-06-23 09:00:02] target_date    = 2026-06-22  (DateID=20260622)
[2026-06-23 09:00:02] poll_at_utc    = 2026-06-23T09:00:02Z  (local: 2026-06-23T09:00:02)
[2026-06-23 09:00:02] tag            = 0900
[2026-06-23 09:00:02] sources        = 24
[2026-06-23 09:00:02] output         = C:\Users\guyman\Documents\github\Databricks_Knowledge\tools\sp_crypto_nop_audit\snapshots\2026-06-22_0900.csv
[2026-06-23 09:00:02] 
[2026-06-23 09:00:02] Connecting to Synapse (prod-synapse-dataplatform-we.sql.azuresynapse.net / sql_dp_prod_we) using SQL login ssisuser [SQL-only, no AAD fallback]...
[2026-06-23 09:00:02] Connected (SQL authentication).
[2026-06-23 09:00:02] 
[2026-06-23 09:00:08]   [OK ] BI_DB_PositionPnL                             rows=141724912      elapsed= 5648ms
[2026-06-23 09:00:10]   [OK ] BI_DB_PositionPnL_crypto_only                 rows=24437970       elapsed= 2837ms
[2026-06-23 09:00:20]   [OK ] Dim_Position_matched_to_crypto_PnL            rows=24437970       elapsed= 9462ms
[2026-06-23 09:00:20]   [OK ] Dim_Instrument_crypto                         rows=823            elapsed=   53ms
[2026-06-23 09:00:20]   [OK ] Fact_CurrencyPriceWithSplit                   rows=16017          elapsed=  171ms
[2026-06-23 09:00:20]   [OK ] Fact_CurrencyPriceWithSplit_crypto            rows=795            elapsed=  218ms
[2026-06-23 09:00:22]   [OK ] Fact_SnapshotCustomer                         rows=48170010       elapsed= 1129ms
[2026-06-23 09:00:22]   [OK ] Dim_Customer                                  rows=48170010       elapsed=  346ms
[2026-06-23 09:00:27]   [OK ] V_GermanBaFin                                 rows=152453         elapsed= 5294ms
[2026-06-23 09:00:30]   [OK ] External_TanganyStatus_dict                   rows=6              elapsed= 2379ms
[2026-06-23 09:00:52]   [OK ] Apex_Enrolment_optout_general                 rows=1595610        elapsed=22765ms
[2026-06-23 09:01:18]   [OK ] Apex_Enrolment_optin_ETH                      rows=369384         elapsed=25371ms
[2026-06-23 09:01:20]   [OK ] BI_DB_Client_Balance_CID_Level_New            rows=6910366        elapsed= 2170ms
[2026-06-23 09:01:20]   [OK ] Dim_Range                                     rows=1330990        elapsed=  405ms
[2026-06-23 09:01:20]   [OK ] Dim_Regulation                                rows=15             elapsed=   30ms
[2026-06-23 09:01:20]   [OK ] Dim_Label                                     rows=26             elapsed=  193ms
[2026-06-23 09:01:21]   [OK ] Dim_MifidCategorization                       rows=6              elapsed=   33ms
[2026-06-23 09:01:21]   [OK ] Dim_AccountType                               rows=19             elapsed=   48ms
[2026-06-23 09:01:21]   [OK ] Dim_PlayerLevel                               rows=8              elapsed=   32ms
[2026-06-23 09:01:21]   [OK ] Dim_PlayerStatus                              rows=16             elapsed=   32ms
[2026-06-23 09:01:21]   [OK ] Dim_Country                                   rows=251            elapsed=   28ms
[2026-06-23 09:01:21]   [OK ] TARGET_BI_DB_Crypto_NOP                       rows=202975         elapsed=  207ms
[2026-06-23 09:01:25]   [OK ] TARGET_BI_DB_Crypto_NOP_CID                   rows=5107221        elapsed= 4078ms
[2026-06-23 09:01:26]   [OK ] SP_Crypto_NOP_run_history                     rows=2              elapsed=  954ms
[2026-06-23 09:01:28] 
[2026-06-23 09:01:28] Wrote C:\Users\guyman\Documents\github\Databricks_Knowledge\tools\sp_crypto_nop_audit\snapshots\2026-06-22_0900.csv  (24 rows, 0 errors)
[2026-06-23 09:01:28] poll_sources.py exit=0
[2026-06-23 09:01:28] Running: python C:\Users\guyman\Documents\github\Databricks_Knowledge\tools\sp_crypto_nop_audit\make_report.py
[2026-06-23 09:01:28] Comparing:
[2026-06-23 09:01:28]   EARLY = 2026-06-22_0400.csv
[2026-06-23 09:01:28]   LATE  = 2026-06-22_0900.csv
[2026-06-23 09:01:28] 
[2026-06-23 09:01:28] Wrote C:\Users\guyman\Documents\github\Databricks_Knowledge\tools\sp_crypto_nop_audit\reports\2026-06-22.md
[2026-06-23 09:01:28] Status: 2026-06-22  verdict=OK     changed= 0/24  early=2026-06-23T04:00:02  late=2026-06-23T09:00:02  report=2026-06-22.md
[2026-06-23 09:01:28] No drift ?ŕô skipping Downloads copy (in-repo report still at C:\Users\guyman\Documents\github\Databricks_Knowledge\tools\sp_crypto_nop_audit\reports\2026-06-22.md).
[2026-06-23 09:01:28] make_report.py exit=0
[2026-06-23 09:01:28] === END  pollExit=0 reportExit=0 ===
