[2026-06-27 04:00:01] === START tag='0400' target='' cwd='C:\Users\guyman\Documents\github\Databricks_Knowledge\tools\sp_crypto_nop_audit' ===
[2026-06-27 04:00:01] Running: python C:\Users\guyman\Documents\github\Databricks_Knowledge\tools\sp_crypto_nop_audit\poll_sources.py --tag 0400
[2026-06-27 04:00:02] === SP_Crypto_NOP source audit poll ===
[2026-06-27 04:00:02] target_date    = 2026-06-26  (DateID=20260626)
[2026-06-27 04:00:02] poll_at_utc    = 2026-06-27T04:00:02Z  (local: 2026-06-27T04:00:02)
[2026-06-27 04:00:02] tag            = 0400
[2026-06-27 04:00:02] sources        = 24
[2026-06-27 04:00:02] output         = C:\Users\guyman\Documents\github\Databricks_Knowledge\tools\sp_crypto_nop_audit\snapshots\2026-06-26_0400.csv
[2026-06-27 04:00:02] 
[2026-06-27 04:00:02] Connecting to Synapse (prod-synapse-dataplatform-we.sql.azuresynapse.net / sql_dp_prod_we) using SQL login ssisuser [SQL-only, no AAD fallback]...
[2026-06-27 04:00:02] Connected (SQL authentication).
[2026-06-27 04:00:02] 
[2026-06-27 04:00:07]   [OK ] BI_DB_PositionPnL                             rows=142891744      elapsed= 5602ms
[2026-06-27 04:00:08]   [OK ] BI_DB_PositionPnL_crypto_only                 rows=24374223       elapsed= 1039ms
[2026-06-27 04:00:12]   [OK ] Dim_Position_matched_to_crypto_PnL            rows=24374223       elapsed= 3310ms
[2026-06-27 04:00:12]   [OK ] Dim_Instrument_crypto                         rows=823            elapsed=   49ms
[2026-06-27 04:00:12]   [OK ] Fact_CurrencyPriceWithSplit                   rows=16017          elapsed=  158ms
[2026-06-27 04:00:12]   [OK ] Fact_CurrencyPriceWithSplit_crypto            rows=795            elapsed=  255ms
[2026-06-27 04:00:13]   [OK ] Fact_SnapshotCustomer                         rows=48211461       elapsed=  450ms
[2026-06-27 04:00:13]   [OK ] Dim_Customer                                  rows=48211461       elapsed=  247ms
[2026-06-27 04:00:16]   [OK ] V_GermanBaFin                                 rows=152277         elapsed= 3143ms
[2026-06-27 04:00:19]   [OK ] External_TanganyStatus_dict                   rows=6              elapsed= 3347ms
[2026-06-27 04:00:37]   [OK ] Apex_Enrolment_optout_general                 rows=1609918        elapsed=17547ms
[2026-06-27 04:00:57]   [OK ] Apex_Enrolment_optin_ETH                      rows=370208         elapsed=20018ms
[2026-06-27 04:00:58]   [OK ] BI_DB_Client_Balance_CID_Level_New            rows=6921153        elapsed= 1191ms
[2026-06-27 04:00:59]   [OK ] Dim_Range                                     rows=1331692        elapsed=  411ms
[2026-06-27 04:00:59]   [OK ] Dim_Regulation                                rows=15             elapsed=   35ms
[2026-06-27 04:00:59]   [OK ] Dim_Label                                     rows=26             elapsed=  126ms
[2026-06-27 04:00:59]   [OK ] Dim_MifidCategorization                       rows=6              elapsed=  154ms
[2026-06-27 04:00:59]   [OK ] Dim_AccountType                               rows=19             elapsed=   72ms
[2026-06-27 04:00:59]   [OK ] Dim_PlayerLevel                               rows=8              elapsed=   36ms
[2026-06-27 04:00:59]   [OK ] Dim_PlayerStatus                              rows=16             elapsed=   28ms
[2026-06-27 04:00:59]   [OK ] Dim_Country                                   rows=251            elapsed=   31ms
[2026-06-27 04:01:01]   [OK ] TARGET_BI_DB_Crypto_NOP                       rows=202507         elapsed= 2088ms
[2026-06-27 04:01:02]   [OK ] TARGET_BI_DB_Crypto_NOP_CID                   rows=5099930        elapsed=  436ms
[2026-06-27 04:01:02]   [OK ] SP_Crypto_NOP_run_history                     rows=2              elapsed=  148ms
[2026-06-27 04:01:04] 
[2026-06-27 04:01:04] Wrote C:\Users\guyman\Documents\github\Databricks_Knowledge\tools\sp_crypto_nop_audit\snapshots\2026-06-26_0400.csv  (24 rows, 0 errors)
[2026-06-27 04:01:04] poll_sources.py exit=0
[2026-06-27 04:01:04] Running: python C:\Users\guyman\Documents\github\Databricks_Knowledge\tools\sp_crypto_nop_audit\make_report.py
[2026-06-27 04:01:04] Only one snapshot for 2026-06-26 so far ?ŕô skipping diff.
[2026-06-27 04:01:04]   found: ['2026-06-26_0400.csv']
[2026-06-27 04:01:04] make_report.py exit=0
[2026-06-27 04:01:04] === END  pollExit=0 reportExit=0 ===
[2026-06-27 09:00:01] === START tag='0900' target='' cwd='C:\Users\guyman\Documents\github\Databricks_Knowledge\tools\sp_crypto_nop_audit' ===
[2026-06-27 09:00:01] Running: python C:\Users\guyman\Documents\github\Databricks_Knowledge\tools\sp_crypto_nop_audit\poll_sources.py --tag 0900
[2026-06-27 09:00:01] === SP_Crypto_NOP source audit poll ===
[2026-06-27 09:00:01] target_date    = 2026-06-26  (DateID=20260626)
[2026-06-27 09:00:01] poll_at_utc    = 2026-06-27T09:00:01Z  (local: 2026-06-27T09:00:01)
[2026-06-27 09:00:01] tag            = 0900
[2026-06-27 09:00:01] sources        = 24
[2026-06-27 09:00:01] output         = C:\Users\guyman\Documents\github\Databricks_Knowledge\tools\sp_crypto_nop_audit\snapshots\2026-06-26_0900.csv
[2026-06-27 09:00:01] 
[2026-06-27 09:00:01] Connecting to Synapse (prod-synapse-dataplatform-we.sql.azuresynapse.net / sql_dp_prod_we) using SQL login ssisuser [SQL-only, no AAD fallback]...
[2026-06-27 09:00:02] Connected (SQL authentication).
[2026-06-27 09:00:02] 
[2026-06-27 09:00:08]   [OK ] BI_DB_PositionPnL                             rows=142891744      elapsed= 6126ms
[2026-06-27 09:00:09]   [OK ] BI_DB_PositionPnL_crypto_only                 rows=24374223       elapsed= 1330ms
[2026-06-27 09:00:21]   [OK ] Dim_Position_matched_to_crypto_PnL            rows=24374223       elapsed=12032ms
[2026-06-27 09:00:21]   [OK ] Dim_Instrument_crypto                         rows=823            elapsed=   52ms
[2026-06-27 09:00:21]   [OK ] Fact_CurrencyPriceWithSplit                   rows=16017          elapsed=  257ms
[2026-06-27 09:00:22]   [OK ] Fact_CurrencyPriceWithSplit_crypto            rows=795            elapsed=  239ms
[2026-06-27 09:00:22]   [OK ] Fact_SnapshotCustomer                         rows=48211461       elapsed=  795ms
[2026-06-27 09:00:23]   [OK ] Dim_Customer                                  rows=48211461       elapsed=  257ms
[2026-06-27 09:00:26]   [OK ] V_GermanBaFin                                 rows=152277         elapsed= 3007ms
[2026-06-27 09:00:28]   [OK ] External_TanganyStatus_dict                   rows=6              elapsed= 2090ms
[2026-06-27 09:00:44]   [OK ] Apex_Enrolment_optout_general                 rows=1609918        elapsed=16561ms
[2026-06-27 09:01:01]   [OK ] Apex_Enrolment_optin_ETH                      rows=370208         elapsed=17197ms
[2026-06-27 09:01:02]   [OK ] BI_DB_Client_Balance_CID_Level_New            rows=6921153        elapsed= 1005ms
[2026-06-27 09:01:03]   [OK ] Dim_Range                                     rows=1331692        elapsed=  695ms
[2026-06-27 09:01:03]   [OK ] Dim_Regulation                                rows=15             elapsed=   42ms
[2026-06-27 09:01:03]   [OK ] Dim_Label                                     rows=26             elapsed=  160ms
[2026-06-27 09:01:03]   [OK ] Dim_MifidCategorization                       rows=6              elapsed=   40ms
[2026-06-27 09:01:03]   [OK ] Dim_AccountType                               rows=19             elapsed=   45ms
[2026-06-27 09:01:04]   [OK ] Dim_PlayerLevel                               rows=8              elapsed=   28ms
[2026-06-27 09:01:04]   [OK ] Dim_PlayerStatus                              rows=16             elapsed=   59ms
[2026-06-27 09:01:04]   [OK ] Dim_Country                                   rows=251            elapsed=  598ms
[2026-06-27 09:01:05]   [OK ] TARGET_BI_DB_Crypto_NOP                       rows=202507         elapsed=  599ms
[2026-06-27 09:01:06]   [OK ] TARGET_BI_DB_Crypto_NOP_CID                   rows=5099930        elapsed= 1326ms
[2026-06-27 09:01:07]   [OK ] SP_Crypto_NOP_run_history                     rows=2              elapsed=  766ms
[2026-06-27 09:01:09] 
[2026-06-27 09:01:09] Wrote C:\Users\guyman\Documents\github\Databricks_Knowledge\tools\sp_crypto_nop_audit\snapshots\2026-06-26_0900.csv  (24 rows, 0 errors)
[2026-06-27 09:01:09] poll_sources.py exit=0
[2026-06-27 09:01:09] Running: python C:\Users\guyman\Documents\github\Databricks_Knowledge\tools\sp_crypto_nop_audit\make_report.py
[2026-06-27 09:01:09] Comparing:
[2026-06-27 09:01:09]   EARLY = 2026-06-26_0400.csv
[2026-06-27 09:01:09]   LATE  = 2026-06-26_0900.csv
[2026-06-27 09:01:09] 
[2026-06-27 09:01:09] Wrote C:\Users\guyman\Documents\github\Databricks_Knowledge\tools\sp_crypto_nop_audit\reports\2026-06-26.md
[2026-06-27 09:01:09] Status: 2026-06-26  verdict=OK     changed= 0/24  early=2026-06-27T04:00:02  late=2026-06-27T09:00:01  report=2026-06-26.md
[2026-06-27 09:01:09] No drift ?ŕô skipping Downloads copy (in-repo report still at C:\Users\guyman\Documents\github\Databricks_Knowledge\tools\sp_crypto_nop_audit\reports\2026-06-26.md).
[2026-06-27 09:01:09] make_report.py exit=0
[2026-06-27 09:01:09] === END  pollExit=0 reportExit=0 ===
